Using pre-set license
Built from '2022.3/staging' branch; Version is '2022.3.17f1 (4fc78088f837) revision 5228416'; Using compiler version '192829333'; Build Type 'Release'
OS: 'Windows 10  (10.0.19045) 64bit Core' Language: 'en' Physical Memory: 16061 MB
BatchMode: 1, IsHumanControllingUs: 0, StartBugReporterOnCrash: 0, Is64bit: 1, IsPro: 1

COMMAND LINE ARGUMENTS:
C:\Program Files\Unity 2022.3.17f1\Editor\Unity.exe
-adb2
-batchMode
-noUpm
-name
AssetImportWorker2
-projectPath
C:/Users/maggi/OneDrive/文档/2D-Platform-Game
-logFile
Logs/AssetImportWorker2.log
-srvPort
54642
Successfully changed project path to: C:/Users/maggi/OneDrive/文档/2D-Platform-Game
C:/Users/maggi/OneDrive/文档/2D-Platform-Game
[UnityMemory] Configuration Parameters - Can be set up in boot.config
    "memorysetup-bucket-allocator-granularity=16"
    "memorysetup-bucket-allocator-bucket-count=8"
    "memorysetup-bucket-allocator-block-size=33554432"
    "memorysetup-bucket-allocator-block-count=8"
    "memorysetup-main-allocator-block-size=16777216"
    "memorysetup-thread-allocator-block-size=16777216"
    "memorysetup-gfx-main-allocator-block-size=16777216"
    "memorysetup-gfx-thread-allocator-block-size=16777216"
    "memorysetup-cache-allocator-block-size=4194304"
    "memorysetup-typetree-allocator-block-size=2097152"
    "memorysetup-profiler-bucket-allocator-granularity=16"
    "memorysetup-profiler-bucket-allocator-bucket-count=8"
    "memorysetup-profiler-bucket-allocator-block-size=33554432"
    "memorysetup-profiler-bucket-allocator-block-count=8"
    "memorysetup-profiler-allocator-block-size=16777216"
    "memorysetup-profiler-editor-allocator-block-size=1048576"
    "memorysetup-temp-allocator-size-main=16777216"
    "memorysetup-job-temp-allocator-block-size=2097152"
    "memorysetup-job-temp-allocator-block-size-background=1048576"
    "memorysetup-job-temp-allocator-reduction-small-platforms=262144"
    "memorysetup-allocator-temp-initial-block-size-main=262144"
    "memorysetup-allocator-temp-initial-block-size-worker=262144"
    "memorysetup-temp-allocator-size-background-worker=32768"
    "memorysetup-temp-allocator-size-job-worker=262144"
    "memorysetup-temp-allocator-size-preload-manager=33554432"
    "memorysetup-temp-allocator-size-nav-mesh-worker=65536"
    "memorysetup-temp-allocator-size-audio-worker=65536"
    "memorysetup-temp-allocator-size-cloud-worker=32768"
    "memorysetup-temp-allocator-size-gi-baking-worker=262144"
    "memorysetup-temp-allocator-size-gfx=262144"
Player connection [30408] Host "[IP] 10.0.55.141 [Port] 0 [Flags] 2 [Guid] 3307189746 [EditorId] 3307189746 [Version] 1048832 [Id] WindowsEditor(7,Hacker-mans-Im-in) [Debug] 1 [PackageName] WindowsEditor [ProjectName] Editor" joined multi-casting on [225.0.0.222:54997]...

Player connection [30408] Host "[IP] 10.0.55.141 [Port] 0 [Flags] 2 [Guid] 3307189746 [EditorId] 3307189746 [Version] 1048832 [Id] WindowsEditor(7,Hacker-mans-Im-in) [Debug] 1 [PackageName] WindowsEditor [ProjectName] Editor" joined alternative multi-casting on [225.0.0.222:34997]...

[Physics::Module] Initialized MultithreadedJobDispatcher with 15 workers.
Refreshing native plugins compatible for Editor in 11.62 ms, found 4 plugins.
Preloading 0 native plugins for Editor in 0.00 ms.
Initialize engine version: 2022.3.17f1 (4fc78088f837)
[Subsystems] Discovering subsystems at path C:/Program Files/Unity 2022.3.17f1/Editor/Data/Resources/UnitySubsystems
[Subsystems] Discovering subsystems at path C:/Users/maggi/OneDrive/文档/2D-Platform-Game/Assets
GfxDevice: creating device client; threaded=0; jobified=0
Direct3D:
    Version:  Direct3D 11.0 [level 11.1]
    Renderer: NVIDIA GeForce RTX 3050 Ti Laptop GPU (ID=0x25a0)
    Vendor:   NVIDIA
    VRAM:     3962 MB
    Driver:   31.0.15.5152
Initialize mono
Mono path[0] = 'C:/Program Files/Unity 2022.3.17f1/Editor/Data/Managed'
Mono path[1] = 'C:/Program Files/Unity 2022.3.17f1/Editor/Data/MonoBleedingEdge/lib/mono/unityjit-win32'
Mono config path = 'C:/Program Files/Unity 2022.3.17f1/Editor/Data/MonoBleedingEdge/etc'
Using monoOptions --debugger-agent=transport=dt_socket,embedding=1,server=y,suspend=n,address=127.0.0.1:56360
Begin MonoManager ReloadAssembly
Registering precompiled unity dll's ...
Register platform support module: C:/Program Files/Unity 2022.3.17f1/Editor/Data/PlaybackEngines/WindowsStandaloneSupport/UnityEditor.WindowsStandalone.Extensions.dll
Registered in 0.005111 seconds.
- Loaded All Assemblies, in  0.301 seconds
Native extension for WindowsStandalone target not found
Mono: successfully reloaded assembly
- Finished resetting the current domain, in  0.215 seconds
Domain Reload Profiling: 515ms
	BeginReloadAssembly (109ms)
		ExecutionOrderSort (0ms)
		DisableScriptedObjects (0ms)
		BackupInstance (0ms)
		ReleaseScriptingObjects (0ms)
		CreateAndSetChildDomain (1ms)
	RebuildCommonClasses (28ms)
	RebuildNativeTypeToScriptingClass (9ms)
	initialDomainReloadingComplete (45ms)
	LoadAllAssembliesAndSetupDomain (110ms)
		LoadAssemblies (106ms)
		RebuildTransferFunctionScriptingTraits (0ms)
		AnalyzeDomain (109ms)
			TypeCache.Refresh (108ms)
				TypeCache.ScanAssembly (96ms)
			ScanForSourceGeneratedMonoScriptInfo (0ms)
			ResolveRequiredComponents (0ms)
	FinalizeReload (215ms)
		ReleaseScriptCaches (0ms)
		RebuildScriptCaches (0ms)
		SetupLoadedEditorAssemblies (168ms)
			LogAssemblyErrors (0ms)
			InitializePlatformSupportModulesInManaged (7ms)
			SetLoadedEditorAssemblies (6ms)
			RefreshPlugins (0ms)
			BeforeProcessingInitializeOnLoad (2ms)
			ProcessInitializeOnLoadAttributes (116ms)
			ProcessInitializeOnLoadMethodAttributes (37ms)
			AfterProcessingInitializeOnLoad (0ms)
			EditorAssembliesLoaded (0ms)
		ExecutionOrderSort2 (0ms)
		AwakeInstancesAfterBackupRestoration (0ms)
========================================================================
Worker process is ready to serve import requests
Begin MonoManager ReloadAssembly
- Loaded All Assemblies, in  0.544 seconds
Refreshing native plugins compatible for Editor in 3.83 ms, found 4 plugins.
Native extension for WindowsStandalone target not found
Package Manager log level set to [2]
[Package Manager] Server::EnsureServerProcessIsRunning -- launch failed, reason: Unity was launched with the -noUpm command-line argument
[Package Manager] UpmClient::Send -- Unable to send message (not connected to UPM process).
[Package Manager] Cannot connect to Unity Package Manager local server
Mono: successfully reloaded assembly
- Finished resetting the current domain, in  0.493 seconds
Domain Reload Profiling: 1031ms
	BeginReloadAssembly (126ms)
		ExecutionOrderSort (0ms)
		DisableScriptedObjects (4ms)
		BackupInstance (0ms)
		ReleaseScriptingObjects (0ms)
		CreateAndSetChildDomain (20ms)
	RebuildCommonClasses (29ms)
	RebuildNativeTypeToScriptingClass (9ms)
	initialDomainReloadingComplete (35ms)
	LoadAllAssembliesAndSetupDomain (339ms)
		LoadAssemblies (273ms)
		RebuildTransferFunctionScriptingTraits (0ms)
		AnalyzeDomain (140ms)
			TypeCache.Refresh (118ms)
				TypeCache.ScanAssembly (103ms)
			ScanForSourceGeneratedMonoScriptInfo (17ms)
			ResolveRequiredComponents (4ms)
	FinalizeReload (494ms)
		ReleaseScriptCaches (0ms)
		RebuildScriptCaches (0ms)
		SetupLoadedEditorAssemblies (373ms)
			LogAssemblyErrors (0ms)
			InitializePlatformSupportModulesInManaged (5ms)
			SetLoadedEditorAssemblies (3ms)
			RefreshPlugins (0ms)
			BeforeProcessingInitializeOnLoad (61ms)
			ProcessInitializeOnLoadAttributes (268ms)
			ProcessInitializeOnLoadMethodAttributes (27ms)
			AfterProcessingInitializeOnLoad (8ms)
			EditorAssembliesLoaded (0ms)
		ExecutionOrderSort2 (0ms)
		AwakeInstancesAfterBackupRestoration (6ms)
Launched and connected shader compiler UnityShaderCompiler.exe after 0.03 seconds
Refreshing native plugins compatible for Editor in 6.31 ms, found 4 plugins.
Preloading 0 native plugins for Editor in 0.00 ms.
Unloading 4073 Unused Serialized files (Serialized files now loaded: 0)
Unloading 64 unused Assets / (61.5 KB). Loaded Objects now: 4535.
Memory consumption went from 149.8 MB to 149.7 MB.
Total: 4.551800 ms (FindLiveObjects: 0.571100 ms CreateObjectMapping: 0.361500 ms MarkObjects: 3.481700 ms  DeleteObjects: 0.136800 ms)

AssetImportParameters requested are different than current active one (requested -> active):
  custom:container-demuxer-ogg: 62fdf1f143b41e24485cea50d1cbac27 -> 
  custom:video-codec-MediaFoundation-h265: 746d11721c4dcdbdad8f713fa42b33f4 -> 
  custom:video-decoder-ogg-theora: a1e56fd34408186e4bbccfd4996cb3dc -> 
  custom:framework-win-MediaFoundation: 216162199b28c13a410421893ffa2e32 -> 
  custom:CustomObjectIndexerAttribute: 6d391050e5a25f67b0a2c618074f2cd9 -> 
  custom:container-demuxer-webm: 4f35f7cbe854078d1ac9338744f61a02 -> 
  custom:container-muxer-webm: aa71ff27fc2769a1b78a27578f13a17b -> 
  custom:video-decoder-webm-vp8: 9c59270c3fd7afecdb556c50c9e8de78 -> 
  custom:SearchIndexIgnoredProperties: e643bd26f0fe6173181afceb89e7c659 -> 
  custom:AudioImporter_EditorPlatform: d09bf68614088b80899f8185d706f6e7 -> 
  custom:video-encoder-webm-vp8: eb34c28f22e8b96e1ab97ce403110664 -> 
  custom:audio-decoder-ogg-vorbis: bf7c407c2cedff20999df2af8eb42d56 -> 
  custom:audio-encoder-webm-vorbis: bf7c407c2cedff20999df2af8eb42d56 -> 
========================================================================
Received Import Request.
  Time since last request: 453074.063886 seconds.
  path: Assets/Sprites/Tiles/Nature/Objects
  artifactKey: Guid(b5459e5037fb2b14bb689b23eb1860fa) Importer(815301076,1909f56bfc062723c751e8b465ee728b)
Start importing Assets/Sprites/Tiles/Nature/Objects using Guid(b5459e5037fb2b14bb689b23eb1860fa) Importer(815301076,1909f56bfc062723c751e8b465ee728b)  -> (artifact id: '50be696d72acc27ee4b72ea85735bd61') in 0.002599 seconds
Number of updated asset objects reloaded before import = 0
Number of asset objects unloaded after import = 0
========================================================================
Received Import Request.
  Time since last request: 0.077515 seconds.
  path: Assets/Sprites/Tiles/Nature/Objects/blue_bg_object1.png
  artifactKey: Guid(54098342f6b6fb94cae079a92cab22ef) Importer(815301076,1909f56bfc062723c751e8b465ee728b)
Start importing Assets/Sprites/Tiles/Nature/Objects/blue_bg_object1.png using Guid(54098342f6b6fb94cae079a92cab22ef) Importer(815301076,1909f56bfc062723c751e8b465ee728b)  -> (artifact id: '95d1eb647315c385b3c3b50de10b1ab2') in 0.113136 seconds
Number of updated asset objects reloaded before import = 0
Number of asset objects unloaded after import = 3
========================================================================
Received Import Request.
  Time since last request: 0.000039 seconds.
  path: Assets/Sprites/Tiles/Nature/Objects/rocks2_4.png
  artifactKey: Guid(148d424ffc696564fbb023a0d17dace8) Importer(815301076,1909f56bfc062723c751e8b465ee728b)
Start importing Assets/Sprites/Tiles/Nature/Objects/rocks2_4.png using Guid(148d424ffc696564fbb023a0d17dace8) Importer(815301076,1909f56bfc062723c751e8b465ee728b)  -> (artifact id: 'e2c7cf0ba7da5ddc11d9b77e8aa90eb9') in 0.024362 seconds
Number of updated asset objects reloaded before import = 0
Number of asset objects unloaded after import = 3
========================================================================
Received Import Request.
  Time since last request: 0.000050 seconds.
  path: Assets/Sprites/Tiles/Nature/Objects/rocks1_3.png
  artifactKey: Guid(ff62f3967d4234944807dcc38a0b5c16) Importer(815301076,1909f56bfc062723c751e8b465ee728b)
Start importing Assets/Sprites/Tiles/Nature/Objects/rocks1_3.png using Guid(ff62f3967d4234944807dcc38a0b5c16) Importer(815301076,1909f56bfc062723c751e8b465ee728b)  -> (artifact id: '6c4bfdf715f716bcc2107a832aa500f9') in 0.029067 seconds
Number of updated asset objects reloaded before import = 0
Number of asset objects unloaded after import = 3
========================================================================
Received Import Request.
  Time since last request: 0.000026 seconds.
  path: Assets/Sprites/Tiles/Nature/Objects/trees1_2.png
  artifactKey: Guid(383dc33526e0d56448dc5c1fe546e5ab) Importer(815301076,1909f56bfc062723c751e8b465ee728b)
Start importing Assets/Sprites/Tiles/Nature/Objects/trees1_2.png using Guid(383dc33526e0d56448dc5c1fe546e5ab) Importer(815301076,1909f56bfc062723c751e8b465ee728b)  -> (artifact id: 'a1e43bf170891b3b6ccce3136f13e8f4') in 0.019178 seconds
Number of updated asset objects reloaded before import = 0
Number of asset objects unloaded after import = 3
========================================================================
Received Import Request.
  Time since last request: 0.000023 seconds.
  path: Assets/Sprites/Tiles/Nature/Objects/rocks2_3.png
  artifactKey: Guid(85bfce79bbc10c1459d007ef23221abd) Importer(815301076,1909f56bfc062723c751e8b465ee728b)
Start importing Assets/Sprites/Tiles/Nature/Objects/rocks2_3.png using Guid(85bfce79bbc10c1459d007ef23221abd) Importer(815301076,1909f56bfc062723c751e8b465ee728b)  -> (artifact id: 'cce331cc1190146ad91ab262fdaceba6') in 0.020295 seconds
Number of updated asset objects reloaded before import = 0
Number of asset objects unloaded after import = 3
========================================================================
Received Import Request.
  Time since last request: 0.000034 seconds.
  path: Assets/Sprites/Tiles/Nature/Objects/rocks1_6.png
  artifactKey: Guid(ab4ac107eff9ab54d9afbaab6f018213) Importer(815301076,1909f56bfc062723c751e8b465ee728b)
Start importing Assets/Sprites/Tiles/Nature/Objects/rocks1_6.png using Guid(ab4ac107eff9ab54d9afbaab6f018213) Importer(815301076,1909f56bfc062723c751e8b465ee728b)  -> (artifact id: 'b79e4b03fe0f687b77a370b74c137e40') in 0.019567 seconds
Number of updated asset objects reloaded before import = 0
Number of asset objects unloaded after import = 3
========================================================================
Received Import Request.
  Time since last request: 0.000036 seconds.
  path: Assets/Sprites/Tiles/Nature/Objects/trees2_3.png
  artifactKey: Guid(4d089693bfc5a1443a2d2610d5a357ab) Importer(815301076,1909f56bfc062723c751e8b465ee728b)
Start importing Assets/Sprites/Tiles/Nature/Objects/trees2_3.png using Guid(4d089693bfc5a1443a2d2610d5a357ab) Importer(815301076,1909f56bfc062723c751e8b465ee728b)  -> (artifact id: '37a09de298e53a225cd4ba2afac50743') in 0.022260 seconds
Number of updated asset objects reloaded before import = 0
Number of asset objects unloaded after import = 3
========================================================================
Received Import Request.
  Time since last request: 0.000039 seconds.
  path: Assets/Sprites/Tiles/Nature/Objects/rocks1_5.png
  artifactKey: Guid(54c37c6e12e2e1c4abe1733f6a4cfada) Importer(815301076,1909f56bfc062723c751e8b465ee728b)
Start importing Assets/Sprites/Tiles/Nature/Objects/rocks1_5.png using Guid(54c37c6e12e2e1c4abe1733f6a4cfada) Importer(815301076,1909f56bfc062723c751e8b465ee728b)  -> (artifact id: 'bb5d0f13fc2702b72011fb85351debfc') in 0.018791 seconds
Number of updated asset objects reloaded before import = 0
Number of asset objects unloaded after import = 3
========================================================================
Received Import Request.
  Time since last request: 0.000025 seconds.
  path: Assets/Sprites/Tiles/Nature/Objects/blue_bg_object8.png
  artifactKey: Guid(140adf76b7b447e489af972bfe0d046a) Importer(815301076,1909f56bfc062723c751e8b465ee728b)
Start importing Assets/Sprites/Tiles/Nature/Objects/blue_bg_object8.png using Guid(140adf76b7b447e489af972bfe0d046a) Importer(815301076,1909f56bfc062723c751e8b465ee728b)  -> (artifact id: 'f05d643f766aff6eeb78276c37bbf4e6') in 0.018145 seconds
Number of updated asset objects reloaded before import = 0
Number of asset objects unloaded after import = 3
========================================================================
Received Import Request.
  Time since last request: 3.903290 seconds.
  path: Assets/Sprites/Tiles/Nature/Tiles
  artifactKey: Guid(83a3c84dfab6d624599fd2d0786762fa) Importer(815301076,1909f56bfc062723c751e8b465ee728b)
Start importing Assets/Sprites/Tiles/Nature/Tiles using Guid(83a3c84dfab6d624599fd2d0786762fa) Importer(815301076,1909f56bfc062723c751e8b465ee728b)  -> (artifact id: 'b943062e68a2d52969a3be991aa75f5d') in 0.000663 seconds
Number of updated asset objects reloaded before import = 0
Number of asset objects unloaded after import = 0
========================================================================
Received Import Request.
  Time since last request: 0.063795 seconds.
  path: Assets/Sprites/Tiles/Nature/Tiles/Layer-0.png
  artifactKey: Guid(6c5e07c19901a6b4eb9be3193158877b) Importer(815301076,1909f56bfc062723c751e8b465ee728b)
Start importing Assets/Sprites/Tiles/Nature/Tiles/Layer-0.png using Guid(6c5e07c19901a6b4eb9be3193158877b) Importer(815301076,1909f56bfc062723c751e8b465ee728b)  -> (artifact id: 'f38bc9cebf8cd4dfc0fdde092295f3b5') in 0.028935 seconds
Number of updated asset objects reloaded before import = 0
Number of asset objects unloaded after import = 3
========================================================================
Received Import Request.
  Time since last request: 0.000018 seconds.
  path: Assets/Sprites/Tiles/Nature/Tiles/tile42.png
  artifactKey: Guid(ba45dd0da768b404193d1ec987adcdaf) Importer(815301076,1909f56bfc062723c751e8b465ee728b)
Start importing Assets/Sprites/Tiles/Nature/Tiles/tile42.png using Guid(ba45dd0da768b404193d1ec987adcdaf) Importer(815301076,1909f56bfc062723c751e8b465ee728b)  -> (artifact id: '1ee08c33c44a18996569b853c2385997') in 0.019920 seconds
Number of updated asset objects reloaded before import = 0
Number of asset objects unloaded after import = 3
========================================================================
Received Import Request.
  Time since last request: 0.000022 seconds.
  path: Assets/Sprites/Tiles/Nature/Tiles/tile28.png
  artifactKey: Guid(c16aa2b252cbbae479f81a754de7f7e0) Importer(815301076,1909f56bfc062723c751e8b465ee728b)
Start importing Assets/Sprites/Tiles/Nature/Tiles/tile28.png using Guid(c16aa2b252cbbae479f81a754de7f7e0) Importer(815301076,1909f56bfc062723c751e8b465ee728b)  -> (artifact id: 'd19beba3fc231d87fbf8e44b63025430') in 0.020323 seconds
Number of updated asset objects reloaded before import = 0
Number of asset objects unloaded after import = 3
========================================================================
Received Import Request.
  Time since last request: 0.000019 seconds.
  path: Assets/Sprites/Tiles/Nature/Tiles/tile33.png
  artifactKey: Guid(42a2af7bae739e24f83caee672f4e43d) Importer(815301076,1909f56bfc062723c751e8b465ee728b)
Start importing Assets/Sprites/Tiles/Nature/Tiles/tile33.png using Guid(42a2af7bae739e24f83caee672f4e43d) Importer(815301076,1909f56bfc062723c751e8b465ee728b)  -> (artifact id: 'd29e234c1d1b615e5ef98b4947c08f47') in 0.019516 seconds
Number of updated asset objects reloaded before import = 0
Number of asset objects unloaded after import = 3
========================================================================
Received Import Request.
  Time since last request: 0.000020 seconds.
  path: Assets/Sprites/Tiles/Nature/Tiles/tile5.png
  artifactKey: Guid(2c6236c3bfc6b894d85208a504b31539) Importer(815301076,1909f56bfc062723c751e8b465ee728b)
Start importing Assets/Sprites/Tiles/Nature/Tiles/tile5.png using Guid(2c6236c3bfc6b894d85208a504b31539) Importer(815301076,1909f56bfc062723c751e8b465ee728b)  -> (artifact id: '0bfbad5a70b77cef514f033381dfb0c5') in 0.020645 seconds
Number of updated asset objects reloaded before import = 0
Number of asset objects unloaded after import = 3
========================================================================
Received Import Request.
  Time since last request: 0.000017 seconds.
  path: Assets/Sprites/Tiles/Nature/Tiles/tile7.png
  artifactKey: Guid(386592a5f24fb04428689d254b8d8aab) Importer(815301076,1909f56bfc062723c751e8b465ee728b)
Start importing Assets/Sprites/Tiles/Nature/Tiles/tile7.png using Guid(386592a5f24fb04428689d254b8d8aab) Importer(815301076,1909f56bfc062723c751e8b465ee728b)  -> (artifact id: '3f9e6bc5a07dd7902b41885dfa059c36') in 0.021261 seconds
Number of updated asset objects reloaded before import = 0
Number of asset objects unloaded after import = 3
========================================================================
Received Import Request.
  Time since last request: 0.000019 seconds.
  path: Assets/Sprites/Tiles/Nature/Tiles/tile24.png
  artifactKey: Guid(179a5acf73239ea448112176cceb07cb) Importer(815301076,1909f56bfc062723c751e8b465ee728b)
Start importing Assets/Sprites/Tiles/Nature/Tiles/tile24.png using Guid(179a5acf73239ea448112176cceb07cb) Importer(815301076,1909f56bfc062723c751e8b465ee728b)  -> (artifact id: '63beb6349be14c763a01e1ebc83230be') in 0.021189 seconds
Number of updated asset objects reloaded before import = 0
Number of asset objects unloaded after import = 3
========================================================================
Received Import Request.
  Time since last request: 0.000022 seconds.
  path: Assets/Sprites/Tiles/Nature/Tiles/tile35.png
  artifactKey: Guid(731842015ce82694ba540543d52ee1d6) Importer(815301076,1909f56bfc062723c751e8b465ee728b)
Start importing Assets/Sprites/Tiles/Nature/Tiles/tile35.png using Guid(731842015ce82694ba540543d52ee1d6) Importer(815301076,1909f56bfc062723c751e8b465ee728b)  -> (artifact id: 'c0d1a5fffd2116dc25c84a4d780988f3') in 0.018595 seconds
Number of updated asset objects reloaded before import = 0
Number of asset objects unloaded after import = 3
========================================================================
Received Import Request.
  Time since last request: 0.000029 seconds.
  path: Assets/Sprites/Tiles/Nature/Tiles/tile25.png
  artifactKey: Guid(a79de3330677d96418b9f956d55e5b5d) Importer(815301076,1909f56bfc062723c751e8b465ee728b)
Start importing Assets/Sprites/Tiles/Nature/Tiles/tile25.png using Guid(a79de3330677d96418b9f956d55e5b5d) Importer(815301076,1909f56bfc062723c751e8b465ee728b)  -> (artifact id: '1320764e8342c9926d29556a77b385c6') in 0.019807 seconds
Number of updated asset objects reloaded before import = 0
Number of asset objects unloaded after import = 3
========================================================================
Received Import Request.
  Time since last request: 0.000044 seconds.
  path: Assets/Sprites/Tiles/Nature/Tiles/tile45.png
  artifactKey: Guid(5c524e838b698734f8d55cf603dd52de) Importer(815301076,1909f56bfc062723c751e8b465ee728b)
Start importing Assets/Sprites/Tiles/Nature/Tiles/tile45.png using Guid(5c524e838b698734f8d55cf603dd52de) Importer(815301076,1909f56bfc062723c751e8b465ee728b)  -> (artifact id: '18746ae44c0887351b684b028c6ff9be') in 0.021467 seconds
Number of updated asset objects reloaded before import = 0
Number of asset objects unloaded after import = 3
========================================================================
Received Import Request.
  Time since last request: 0.000017 seconds.
  path: Assets/Sprites/Tiles/Nature/Tiles/tile36.png
  artifactKey: Guid(86bea9f36d6b6954aba514ad3a5b542e) Importer(815301076,1909f56bfc062723c751e8b465ee728b)
Start importing Assets/Sprites/Tiles/Nature/Tiles/tile36.png using Guid(86bea9f36d6b6954aba514ad3a5b542e) Importer(815301076,1909f56bfc062723c751e8b465ee728b)  -> (artifact id: '7e8dfff517c0fd95cfd4f59bf0df0b3b') in 0.022597 seconds
Number of updated asset objects reloaded before import = 0
Number of asset objects unloaded after import = 3
========================================================================
Received Import Request.
  Time since last request: 0.000030 seconds.
  path: Assets/Sprites/Tiles/Nature/Tiles/tile23.png
  artifactKey: Guid(c2555ffc849197944a14e72f72a74b90) Importer(815301076,1909f56bfc062723c751e8b465ee728b)
Start importing Assets/Sprites/Tiles/Nature/Tiles/tile23.png using Guid(c2555ffc849197944a14e72f72a74b90) Importer(815301076,1909f56bfc062723c751e8b465ee728b)  -> (artifact id: '0b0b5cdd7d6917f543b4ec1a31ca1c77') in 0.020372 seconds
Number of updated asset objects reloaded before import = 0
Number of asset objects unloaded after import = 3
========================================================================
Received Import Request.
  Time since last request: 0.643273 seconds.
  path: Assets/Sprites/Tiles/Nature/Tiles/tile50.png
  artifactKey: Guid(f610362bda173d94bac33054447c018f) Importer(815301076,1909f56bfc062723c751e8b465ee728b)
Start importing Assets/Sprites/Tiles/Nature/Tiles/tile50.png using Guid(f610362bda173d94bac33054447c018f) Importer(815301076,1909f56bfc062723c751e8b465ee728b)  -> (artifact id: 'e15b5296808f77c4718b497f7781eb99') in 0.021184 seconds
Number of updated asset objects reloaded before import = 0
Number of asset objects unloaded after import = 3
========================================================================
Received Import Request.
  Time since last request: 0.000043 seconds.
  path: Assets/Sprites/Tiles/Nature/Tiles/tile60.png
  artifactKey: Guid(b65a03b15b688984ba904baf10ff65ed) Importer(815301076,1909f56bfc062723c751e8b465ee728b)
Start importing Assets/Sprites/Tiles/Nature/Tiles/tile60.png using Guid(b65a03b15b688984ba904baf10ff65ed) Importer(815301076,1909f56bfc062723c751e8b465ee728b)  -> (artifact id: '986f5b5a765b7e18391404029e012bb7') in 0.019377 seconds
Number of updated asset objects reloaded before import = 0
Number of asset objects unloaded after import = 3
========================================================================
Received Import Request.
  Time since last request: 0.000020 seconds.
  path: Assets/Sprites/Tiles/Nature/Tiles/tile57.png
  artifactKey: Guid(fb00caa982e54bd45a75d402fc4a9bf6) Importer(815301076,1909f56bfc062723c751e8b465ee728b)
Start importing Assets/Sprites/Tiles/Nature/Tiles/tile57.png using Guid(fb00caa982e54bd45a75d402fc4a9bf6) Importer(815301076,1909f56bfc062723c751e8b465ee728b)  -> (artifact id: '46a3d0390441701eeb0062532b20339f') in 0.020417 seconds
Number of updated asset objects reloaded before import = 0
Number of asset objects unloaded after import = 3
========================================================================
Received Import Request.
  Time since last request: 0.000053 seconds.
  path: Assets/Sprites/Tiles/Nature/Tiles/tile63.png
  artifactKey: Guid(61fa79acd64bf894c8ac2fbf4150f074) Importer(815301076,1909f56bfc062723c751e8b465ee728b)
Start importing Assets/Sprites/Tiles/Nature/Tiles/tile63.png using Guid(61fa79acd64bf894c8ac2fbf4150f074) Importer(815301076,1909f56bfc062723c751e8b465ee728b)  -> (artifact id: '06d5eb151b0428a080d026a5a49136f5') in 0.020987 seconds
Number of updated asset objects reloaded before import = 0
Number of asset objects unloaded after import = 3
========================================================================
Received Import Request.
  Time since last request: 0.000018 seconds.
  path: Assets/Sprites/Tiles/Nature/Tiles/tile68.png
  artifactKey: Guid(1bd2f8e3fa9872348863d4567eb5782a) Importer(815301076,1909f56bfc062723c751e8b465ee728b)
Start importing Assets/Sprites/Tiles/Nature/Tiles/tile68.png using Guid(1bd2f8e3fa9872348863d4567eb5782a) Importer(815301076,1909f56bfc062723c751e8b465ee728b)  -> (artifact id: 'c5e0ce113d4be790b051d94dbb784d79') in 0.020208 seconds
Number of updated asset objects reloaded before import = 0
Number of asset objects unloaded after import = 3
========================================================================
Received Import Request.
  Time since last request: 0.000019 seconds.
  path: Assets/Sprites/Tiles/Nature/Tiles/tile78.png
  artifactKey: Guid(6031b7a574d6485409aea80f5e9bfc94) Importer(815301076,1909f56bfc062723c751e8b465ee728b)
Start importing Assets/Sprites/Tiles/Nature/Tiles/tile78.png using Guid(6031b7a574d6485409aea80f5e9bfc94) Importer(815301076,1909f56bfc062723c751e8b465ee728b)  -> (artifact id: '27a14601871dbc9b8ef0a85871386283') in 0.019836 seconds
Number of updated asset objects reloaded before import = 0
Number of asset objects unloaded after import = 3
========================================================================
Received Import Request.
  Time since last request: 0.000036 seconds.
  path: Assets/Sprites/Tiles/Nature/Tiles/tile74.png
  artifactKey: Guid(2347edd2b03d91e44804d4a4e65638ff) Importer(815301076,1909f56bfc062723c751e8b465ee728b)
Start importing Assets/Sprites/Tiles/Nature/Tiles/tile74.png using Guid(2347edd2b03d91e44804d4a4e65638ff) Importer(815301076,1909f56bfc062723c751e8b465ee728b)  -> (artifact id: '7d286a8f6b71d99445511e93ce1176bc') in 0.020203 seconds
Number of updated asset objects reloaded before import = 0
Number of asset objects unloaded after import = 3
========================================================================
Received Import Request.
  Time since last request: 0.000062 seconds.
  path: Assets/Sprites/Tiles/Nature/Tiles/tile76.png
  artifactKey: Guid(280e937e5e67f274ca1431486034ff2d) Importer(815301076,1909f56bfc062723c751e8b465ee728b)
Start importing Assets/Sprites/Tiles/Nature/Tiles/tile76.png using Guid(280e937e5e67f274ca1431486034ff2d) Importer(815301076,1909f56bfc062723c751e8b465ee728b)  -> (artifact id: 'd22280530b82c07e7fe4c262c97e4916') in 0.021192 seconds
Number of updated asset objects reloaded before import = 0
Number of asset objects unloaded after import = 3
========================================================================
Received Import Request.
  Time since last request: 0.000022 seconds.
  path: Assets/Sprites/Tiles/Nature/Tiles/tile84.png
  artifactKey: Guid(5e28ba7f29053664f8cfbe2ad3f03bc1) Importer(815301076,1909f56bfc062723c751e8b465ee728b)
Start importing Assets/Sprites/Tiles/Nature/Tiles/tile84.png using Guid(5e28ba7f29053664f8cfbe2ad3f03bc1) Importer(815301076,1909f56bfc062723c751e8b465ee728b)  -> (artifact id: '6278ef3127e236a80c81ca35024b954b') in 0.020878 seconds
Number of updated asset objects reloaded before import = 0
Number of asset objects unloaded after import = 3
========================================================================
Received Import Request.
  Time since last request: 0.317100 seconds.
  path: Assets/Sprites/Tiles/Nature/Tiles/tile86.png
  artifactKey: Guid(cef16ccbfbdd66545b0dc6f4fc69c54a) Importer(815301076,1909f56bfc062723c751e8b465ee728b)
Start importing Assets/Sprites/Tiles/Nature/Tiles/tile86.png using Guid(cef16ccbfbdd66545b0dc6f4fc69c54a) Importer(815301076,1909f56bfc062723c751e8b465ee728b)  -> (artifact id: '126f78b77749120718c9a59840799ad8') in 0.020005 seconds
Number of updated asset objects reloaded before import = 0
Number of asset objects unloaded after import = 3
========================================================================
Received Import Request.
  Time since last request: 0.000021 seconds.
  path: Assets/Sprites/Tiles/Nature/Tiles/tile96.png
  artifactKey: Guid(d17ff32e23464584eb3005b0ee0f7fa0) Importer(815301076,1909f56bfc062723c751e8b465ee728b)
Start importing Assets/Sprites/Tiles/Nature/Tiles/tile96.png using Guid(d17ff32e23464584eb3005b0ee0f7fa0) Importer(815301076,1909f56bfc062723c751e8b465ee728b)  -> (artifact id: '82fe36f42492e9faca7a52e5f03938a7') in 0.019920 seconds
Number of updated asset objects reloaded before import = 0
Number of asset objects unloaded after import = 3
========================================================================
Received Import Request.
  Time since last request: 0.000018 seconds.
  path: Assets/Sprites/Tiles/Nature/Tiles/tile92.png
  artifactKey: Guid(fda757bf68dfa444095b7d9d6c5c6f8a) Importer(815301076,1909f56bfc062723c751e8b465ee728b)
Start importing Assets/Sprites/Tiles/Nature/Tiles/tile92.png using Guid(fda757bf68dfa444095b7d9d6c5c6f8a) Importer(815301076,1909f56bfc062723c751e8b465ee728b)  -> (artifact id: '5a75b81da5183b41e2a349a4ee7d8328') in 0.019994 seconds
Number of updated asset objects reloaded before import = 0
Number of asset objects unloaded after import = 3
========================================================================
Received Import Request.
  Time since last request: 0.000018 seconds.
  path: Assets/Sprites/Tiles/Nature/Tiles/tile103.png
  artifactKey: Guid(bc970c28a5f02924a99d57731f63f060) Importer(815301076,1909f56bfc062723c751e8b465ee728b)
Start importing Assets/Sprites/Tiles/Nature/Tiles/tile103.png using Guid(bc970c28a5f02924a99d57731f63f060) Importer(815301076,1909f56bfc062723c751e8b465ee728b)  -> (artifact id: 'aee2812ad97e854b908473009e408b75') in 0.019746 seconds
Number of updated asset objects reloaded before import = 0
Number of asset objects unloaded after import = 3
========================================================================
Received Import Request.
  Time since last request: 0.000036 seconds.
  path: Assets/Sprites/Tiles/Nature/Tiles/tile106.png
  artifactKey: Guid(6de0c9968a445764e90b34aa3b58ccbf) Importer(815301076,1909f56bfc062723c751e8b465ee728b)
Start importing Assets/Sprites/Tiles/Nature/Tiles/tile106.png using Guid(6de0c9968a445764e90b34aa3b58ccbf) Importer(815301076,1909f56bfc062723c751e8b465ee728b)  -> (artifact id: 'd825f92a777473e989366df56aabd70c') in 0.020909 seconds
Number of updated asset objects reloaded before import = 0
Number of asset objects unloaded after import = 3
========================================================================
Received Import Request.
  Time since last request: 0.000024 seconds.
  path: Assets/Sprites/Tiles/Nature/Tiles/tile105.png
  artifactKey: Guid(db7b08d9cf5e2a845a605e64ae8b1ee2) Importer(815301076,1909f56bfc062723c751e8b465ee728b)
Start importing Assets/Sprites/Tiles/Nature/Tiles/tile105.png using Guid(db7b08d9cf5e2a845a605e64ae8b1ee2) Importer(815301076,1909f56bfc062723c751e8b465ee728b)  -> (artifact id: '7095ea6da76c32f923079d967322e43c') in 0.019341 seconds
Number of updated asset objects reloaded before import = 0
Number of asset objects unloaded after import = 3
========================================================================
Received Import Request.
  Time since last request: 0.408278 seconds.
  path: Assets/Sprites/Tiles/Nature/Tiles/tile110.png
  artifactKey: Guid(edb2cf881389fa440b2c64940f017fbe) Importer(815301076,1909f56bfc062723c751e8b465ee728b)
Start importing Assets/Sprites/Tiles/Nature/Tiles/tile110.png using Guid(edb2cf881389fa440b2c64940f017fbe) Importer(815301076,1909f56bfc062723c751e8b465ee728b)  -> (artifact id: '03ffaea5a859f79c307c79996950706e') in 0.022022 seconds
Number of updated asset objects reloaded before import = 0
Number of asset objects unloaded after import = 3
========================================================================
Received Import Request.
  Time since last request: 0.000018 seconds.
  path: Assets/Sprites/Tiles/Nature/Tiles/tile115.png
  artifactKey: Guid(bbcb190017acd78488d388397991c701) Importer(815301076,1909f56bfc062723c751e8b465ee728b)
Start importing Assets/Sprites/Tiles/Nature/Tiles/tile115.png using Guid(bbcb190017acd78488d388397991c701) Importer(815301076,1909f56bfc062723c751e8b465ee728b)  -> (artifact id: '09d517185f6e80fae24072481b03d1e1') in 0.020699 seconds
Number of updated asset objects reloaded before import = 0
Number of asset objects unloaded after import = 3
========================================================================
Received Import Request.
  Time since last request: 0.000023 seconds.
  path: Assets/Sprites/Tiles/Nature/Tiles/tile126.png
  artifactKey: Guid(7ca69866f86e2d341b16f79346d76105) Importer(815301076,1909f56bfc062723c751e8b465ee728b)
Start importing Assets/Sprites/Tiles/Nature/Tiles/tile126.png using Guid(7ca69866f86e2d341b16f79346d76105) Importer(815301076,1909f56bfc062723c751e8b465ee728b)  -> (artifact id: '7ef33dc3099580c195bcfbb205970e9e') in 0.021608 seconds
Number of updated asset objects reloaded before import = 0
Number of asset objects unloaded after import = 3
========================================================================
Received Import Request.
  Time since last request: 0.000054 seconds.
  path: Assets/Sprites/Tiles/Nature/Tiles/tile119.png
  artifactKey: Guid(a84ef202c7bed244992af9849ef5dc25) Importer(815301076,1909f56bfc062723c751e8b465ee728b)
Start importing Assets/Sprites/Tiles/Nature/Tiles/tile119.png using Guid(a84ef202c7bed244992af9849ef5dc25) Importer(815301076,1909f56bfc062723c751e8b465ee728b)  -> (artifact id: 'c7fdc92c73c168209db53d4e5e8491d2') in 0.021803 seconds
Number of updated asset objects reloaded before import = 0
Number of asset objects unloaded after import = 3
========================================================================
Received Import Request.
  Time since last request: 0.000020 seconds.
  path: Assets/Sprites/Tiles/Nature/Tiles/tile117.png
  artifactKey: Guid(0c2b212e7115e554fa385d0df60827fb) Importer(815301076,1909f56bfc062723c751e8b465ee728b)
Start importing Assets/Sprites/Tiles/Nature/Tiles/tile117.png using Guid(0c2b212e7115e554fa385d0df60827fb) Importer(815301076,1909f56bfc062723c751e8b465ee728b)  -> (artifact id: '460995dea21d588c923eee8d7b401595') in 0.018964 seconds
Number of updated asset objects reloaded before import = 0
Number of asset objects unloaded after import = 3
========================================================================
Received Import Request.
  Time since last request: 69.171074 seconds.
  path: Assets/Sprites/Tile palletes
  artifactKey: Guid(d1b8e26469f1540488de43db08ad1df3) Importer(815301076,1909f56bfc062723c751e8b465ee728b)
Start importing Assets/Sprites/Tile palletes using Guid(d1b8e26469f1540488de43db08ad1df3) Importer(815301076,1909f56bfc062723c751e8b465ee728b)  -> (artifact id: '584a62e9f64c4048fa93f4d15f2384df') in 0.000757 seconds
Number of updated asset objects reloaded before import = 0
Number of asset objects unloaded after import = 0
========================================================================
Received Import Request.
  Time since last request: 0.064162 seconds.
  path: Assets/Sprites/Tile palletes/Bench.asset
  artifactKey: Guid(84f4a055b75304472b033fb0b54c5962) Importer(815301076,1909f56bfc062723c751e8b465ee728b)
Start importing Assets/Sprites/Tile palletes/Bench.asset using Guid(84f4a055b75304472b033fb0b54c5962) Importer(815301076,1909f56bfc062723c751e8b465ee728b)  -> (artifact id: '45fa4ed85a4b129b0716a0ca0029b9a4') in 0.016746 seconds
Number of updated asset objects reloaded before import = 0
Number of asset objects unloaded after import = 3
========================================================================
Received Import Request.
  Time since last request: 0.001853 seconds.
  path: Assets/Sprites/Tile palletes/Box5.asset
  artifactKey: Guid(34d1e07eb221c41c58859c8818ab03ac) Importer(815301076,1909f56bfc062723c751e8b465ee728b)
Start importing Assets/Sprites/Tile palletes/Box5.asset using Guid(34d1e07eb221c41c58859c8818ab03ac) Importer(815301076,1909f56bfc062723c751e8b465ee728b)  -> (artifact id: 'f0a1fd1d531ad6244957e9ef5ec48dc5') in 0.014838 seconds
Number of updated asset objects reloaded before import = 0
Number of asset objects unloaded after import = 3
========================================================================
Received Import Request.
  Time since last request: 0.000021 seconds.
  path: Assets/Sprites/Tile palletes/Board2.asset
  artifactKey: Guid(1b83631c8513c49d8932050967888670) Importer(815301076,1909f56bfc062723c751e8b465ee728b)
Start importing Assets/Sprites/Tile palletes/Board2.asset using Guid(1b83631c8513c49d8932050967888670) Importer(815301076,1909f56bfc062723c751e8b465ee728b)  -> (artifact id: 'ef4aa721dbfad2a9860891d01197bbde') in 0.012690 seconds
Number of updated asset objects reloaded before import = 0
Number of asset objects unloaded after import = 3
========================================================================
Received Import Request.
  Time since last request: 0.000034 seconds.
  path: Assets/Sprites/Tile palletes/Locker4.asset
  artifactKey: Guid(dfd6f8d2f71ff465db64d15173760991) Importer(815301076,1909f56bfc062723c751e8b465ee728b)
Start importing Assets/Sprites/Tile palletes/Locker4.asset using Guid(dfd6f8d2f71ff465db64d15173760991) Importer(815301076,1909f56bfc062723c751e8b465ee728b)  -> (artifact id: '104097184b8a10f2bb5273972abc0072') in 0.016455 seconds
Number of updated asset objects reloaded before import = 0
Number of asset objects unloaded after import = 3
========================================================================
Received Import Request.
  Time since last request: 0.000021 seconds.
  path: Assets/Sprites/Tile palletes/Board3.asset
  artifactKey: Guid(fee55a6361e904fda951b5c5bb63151d) Importer(815301076,1909f56bfc062723c751e8b465ee728b)
Start importing Assets/Sprites/Tile palletes/Board3.asset using Guid(fee55a6361e904fda951b5c5bb63151d) Importer(815301076,1909f56bfc062723c751e8b465ee728b)  -> (artifact id: '2d2c58b0986245cfb612294304f7bebc') in 0.015411 seconds
Number of updated asset objects reloaded before import = 0
Number of asset objects unloaded after import = 3
========================================================================
Received Import Request.
  Time since last request: 2.387857 seconds.
  path: Assets/Sprites/Tile palletes/Tile Palletes_Background
  artifactKey: Guid(9a46a1fa6576a46949970ba5e8fb8cb2) Importer(815301076,1909f56bfc062723c751e8b465ee728b)
Start importing Assets/Sprites/Tile palletes/Tile Palletes_Background using Guid(9a46a1fa6576a46949970ba5e8fb8cb2) Importer(815301076,1909f56bfc062723c751e8b465ee728b)  -> (artifact id: 'febe2422bb6cb6cc614676d53a5d6697') in 0.000729 seconds
Number of updated asset objects reloaded before import = 0
Number of asset objects unloaded after import = 0
========================================================================
Received Import Request.
  Time since last request: 0.091922 seconds.
  path: Assets/Sprites/Tile palletes/Tile Palletes_Background/Ground.prefab
  artifactKey: Guid(eb06317b2450e4323958acbc75187c3e) Importer(815301076,1909f56bfc062723c751e8b465ee728b)
Start importing Assets/Sprites/Tile palletes/Tile Palletes_Background/Ground.prefab using Guid(eb06317b2450e4323958acbc75187c3e) Importer(815301076,1909f56bfc062723c751e8b465ee728b)  -> (artifact id: '6f230a5a41acc993a9edd3d78b0fdb91') in 0.090157 seconds
Number of updated asset objects reloaded before import = 0
Number of asset objects unloaded after import = 253
========================================================================
Received Import Request.
  Time since last request: 0.000027 seconds.
  path: Assets/Sprites/Tile palletes/Tile Palletes_Background/IndustrialTile_29.asset
  artifactKey: Guid(6f946d46b345c4b83ab7d8a6fdd1f20c) Importer(815301076,1909f56bfc062723c751e8b465ee728b)
Start importing Assets/Sprites/Tile palletes/Tile Palletes_Background/IndustrialTile_29.asset using Guid(6f946d46b345c4b83ab7d8a6fdd1f20c) Importer(815301076,1909f56bfc062723c751e8b465ee728b)  -> (artifact id: 'b878354d8dff6f2acefcf71670bdb559') in 0.010336 seconds
Number of updated asset objects reloaded before import = 0
Number of asset objects unloaded after import = 3
========================================================================
Received Import Request.
  Time since last request: 0.000044 seconds.
  path: Assets/Sprites/Tile palletes/Tile Palletes_Background/IndustrialTile_17.asset
  artifactKey: Guid(c45a937fb4d714388b5e78fcc62def69) Importer(815301076,1909f56bfc062723c751e8b465ee728b)
Start importing Assets/Sprites/Tile palletes/Tile Palletes_Background/IndustrialTile_17.asset using Guid(c45a937fb4d714388b5e78fcc62def69) Importer(815301076,1909f56bfc062723c751e8b465ee728b)  -> (artifact id: '44a02bad2901cfbd8b7a8b2942b2ab75') in 0.012208 seconds
Number of updated asset objects reloaded before import = 0
Number of asset objects unloaded after import = 3
========================================================================
Received Import Request.
  Time since last request: 0.000025 seconds.
  path: Assets/Sprites/Tile palletes/Tile Palletes_Background/IndustrialTile_32.asset
  artifactKey: Guid(f67d7733bd941480b97d14d1f3793a3a) Importer(815301076,1909f56bfc062723c751e8b465ee728b)
Start importing Assets/Sprites/Tile palletes/Tile Palletes_Background/IndustrialTile_32.asset using Guid(f67d7733bd941480b97d14d1f3793a3a) Importer(815301076,1909f56bfc062723c751e8b465ee728b)  -> (artifact id: 'dbfe269fb149afbe5abf3d59ac83e8a5') in 0.011850 seconds
Number of updated asset objects reloaded before import = 0
Number of asset objects unloaded after import = 3
========================================================================
Received Import Request.
  Time since last request: 0.000028 seconds.
  path: Assets/Sprites/Tile palletes/Tile Palletes_Background/IndustrialTile_31.asset
  artifactKey: Guid(897888468d6644c49843d1d8100d8fad) Importer(815301076,1909f56bfc062723c751e8b465ee728b)
Start importing Assets/Sprites/Tile palletes/Tile Palletes_Background/IndustrialTile_31.asset using Guid(897888468d6644c49843d1d8100d8fad) Importer(815301076,1909f56bfc062723c751e8b465ee728b)  -> (artifact id: '12c56a70e0b39cf574bcc0976d5a0219') in 0.011160 seconds
Number of updated asset objects reloaded before import = 0
Number of asset objects unloaded after import = 3
========================================================================
Received Import Request.
  Time since last request: 0.000019 seconds.
  path: Assets/Sprites/Tile palletes/Tile Palletes_Background/IndustrialTile_30.asset
  artifactKey: Guid(cc11893699b6a45c0bd92a572f64f62d) Importer(815301076,1909f56bfc062723c751e8b465ee728b)
Start importing Assets/Sprites/Tile palletes/Tile Palletes_Background/IndustrialTile_30.asset using Guid(cc11893699b6a45c0bd92a572f64f62d) Importer(815301076,1909f56bfc062723c751e8b465ee728b)  -> (artifact id: 'e70105b6df63842ec871835809e9e177') in 0.010996 seconds
Number of updated asset objects reloaded before import = 0
Number of asset objects unloaded after import = 3
========================================================================
Received Import Request.
  Time since last request: 0.000023 seconds.
  path: Assets/Sprites/Tile palletes/Tile Palletes_Background/IndustrialTile_42.asset
  artifactKey: Guid(6d0cf370139d0464fa6ad64ee75000a1) Importer(815301076,1909f56bfc062723c751e8b465ee728b)
Start importing Assets/Sprites/Tile palletes/Tile Palletes_Background/IndustrialTile_42.asset using Guid(6d0cf370139d0464fa6ad64ee75000a1) Importer(815301076,1909f56bfc062723c751e8b465ee728b)  -> (artifact id: 'c7424cdeb667fbe705df6fbd6c1dec83') in 0.011716 seconds
Number of updated asset objects reloaded before import = 0
Number of asset objects unloaded after import = 3
========================================================================
Received Import Request.
  Time since last request: 0.000025 seconds.
  path: Assets/Sprites/Tile palletes/Tile Palletes_Background/IndustrialTile_27.asset
  artifactKey: Guid(542aef3be55f24784a46b1872a9fa55d) Importer(815301076,1909f56bfc062723c751e8b465ee728b)
Start importing Assets/Sprites/Tile palletes/Tile Palletes_Background/IndustrialTile_27.asset using Guid(542aef3be55f24784a46b1872a9fa55d) Importer(815301076,1909f56bfc062723c751e8b465ee728b)  -> (artifact id: '42f0305ae9677614712965e4ebb15e10') in 0.011101 seconds
Number of updated asset objects reloaded before import = 0
Number of asset objects unloaded after import = 3
========================================================================
Received Import Request.
  Time since last request: 0.000018 seconds.
  path: Assets/Sprites/Tile palletes/Tile Palletes_Background/IndustrialTile_06.asset
  artifactKey: Guid(fafeb7fd17c714248971813862dce411) Importer(815301076,1909f56bfc062723c751e8b465ee728b)
Start importing Assets/Sprites/Tile palletes/Tile Palletes_Background/IndustrialTile_06.asset using Guid(fafeb7fd17c714248971813862dce411) Importer(815301076,1909f56bfc062723c751e8b465ee728b)  -> (artifact id: '6923803e0f97c285b2e2596f4f8fc0b0') in 0.010472 seconds
Number of updated asset objects reloaded before import = 0
Number of asset objects unloaded after import = 3
========================================================================
Received Import Request.
  Time since last request: 0.000022 seconds.
  path: Assets/Sprites/Tile palletes/Tile Palletes_Background/IndustrialTile_07.asset
  artifactKey: Guid(e39bc0d75ba074e46b69b48468937292) Importer(815301076,1909f56bfc062723c751e8b465ee728b)
Start importing Assets/Sprites/Tile palletes/Tile Palletes_Background/IndustrialTile_07.asset using Guid(e39bc0d75ba074e46b69b48468937292) Importer(815301076,1909f56bfc062723c751e8b465ee728b)  -> (artifact id: '7b4d9012c22e9f059fe71a6959afd7fe') in 0.011150 seconds
Number of updated asset objects reloaded before import = 0
Number of asset objects unloaded after import = 3
========================================================================
Received Import Request.
  Time since last request: 0.000034 seconds.
  path: Assets/Sprites/Tile palletes/Tile Palletes_Background/IndustrialTile_20.asset
  artifactKey: Guid(14d66a969f06446e9b58e0ada9602fd7) Importer(815301076,1909f56bfc062723c751e8b465ee728b)
Start importing Assets/Sprites/Tile palletes/Tile Palletes_Background/IndustrialTile_20.asset using Guid(14d66a969f06446e9b58e0ada9602fd7) Importer(815301076,1909f56bfc062723c751e8b465ee728b)  -> (artifact id: '62e77e2adecce92f38bd322bdff557b3') in 0.011365 seconds
Number of updated asset objects reloaded before import = 0
Number of asset objects unloaded after import = 3
========================================================================
Received Import Request.
  Time since last request: 0.000055 seconds.
  path: Assets/Sprites/Tile palletes/Tile Palletes_Background/IndustrialTile_46.asset
  artifactKey: Guid(71cd49195f3bb4dcdbe2027c1e78975a) Importer(815301076,1909f56bfc062723c751e8b465ee728b)
Start importing Assets/Sprites/Tile palletes/Tile Palletes_Background/IndustrialTile_46.asset using Guid(71cd49195f3bb4dcdbe2027c1e78975a) Importer(815301076,1909f56bfc062723c751e8b465ee728b)  -> (artifact id: '8212f6de453460c0ec2b3da597b91ebf') in 0.010240 seconds
Number of updated asset objects reloaded before import = 0
Number of asset objects unloaded after import = 3
========================================================================
Received Import Request.
  Time since last request: 0.000020 seconds.
  path: Assets/Sprites/Tile palletes/Tile Palletes_Background/IndustrialTile_45.asset
  artifactKey: Guid(5607b9276027048918bd3c7f2c6cb901) Importer(815301076,1909f56bfc062723c751e8b465ee728b)
Start importing Assets/Sprites/Tile palletes/Tile Palletes_Background/IndustrialTile_45.asset using Guid(5607b9276027048918bd3c7f2c6cb901) Importer(815301076,1909f56bfc062723c751e8b465ee728b)  -> (artifact id: '78817640398656891350d71bf71c58bd') in 0.012782 seconds
Number of updated asset objects reloaded before import = 0
Number of asset objects unloaded after import = 3
========================================================================
Received Import Request.
  Time since last request: 0.000020 seconds.
  path: Assets/Sprites/Tile palletes/Tile Palletes_Background/IndustrialTile_08.asset
  artifactKey: Guid(5b9dcec77ce3e437c91b132e8342a962) Importer(815301076,1909f56bfc062723c751e8b465ee728b)
Start importing Assets/Sprites/Tile palletes/Tile Palletes_Background/IndustrialTile_08.asset using Guid(5b9dcec77ce3e437c91b132e8342a962) Importer(815301076,1909f56bfc062723c751e8b465ee728b)  -> (artifact id: '50e745da8beff3610c2d27797c804d95') in 0.012040 seconds
Number of updated asset objects reloaded before import = 0
Number of asset objects unloaded after import = 3
========================================================================
Received Import Request.
  Time since last request: 0.000020 seconds.
  path: Assets/Sprites/Tile palletes/Tile Palletes_Background/IndustrialTile_18.asset
  artifactKey: Guid(193b794f02fc0494fa243bb4a7ab1274) Importer(815301076,1909f56bfc062723c751e8b465ee728b)
Start importing Assets/Sprites/Tile palletes/Tile Palletes_Background/IndustrialTile_18.asset using Guid(193b794f02fc0494fa243bb4a7ab1274) Importer(815301076,1909f56bfc062723c751e8b465ee728b)  -> (artifact id: 'a0b9d0226c1cd4f94467e7145f605e2e') in 0.011935 seconds
Number of updated asset objects reloaded before import = 0
Number of asset objects unloaded after import = 3
========================================================================
Received Import Request.
  Time since last request: 0.000019 seconds.
  path: Assets/Sprites/Tile palletes/Tile Palletes_Background/IndustrialTile_44.asset
  artifactKey: Guid(f075cefa7fb674017822c835d4248c2d) Importer(815301076,1909f56bfc062723c751e8b465ee728b)
Start importing Assets/Sprites/Tile palletes/Tile Palletes_Background/IndustrialTile_44.asset using Guid(f075cefa7fb674017822c835d4248c2d) Importer(815301076,1909f56bfc062723c751e8b465ee728b)  -> (artifact id: '42e09a1e3783e5909e77088cf52040d7') in 0.013128 seconds
Number of updated asset objects reloaded before import = 0
Number of asset objects unloaded after import = 3
========================================================================
Received Import Request.
  Time since last request: 0.000025 seconds.
  path: Assets/Sprites/Tile palletes/Tile Palletes_Background/IndustrialTile_39.asset
  artifactKey: Guid(ab4e18b5a410844cd97178260332da6c) Importer(815301076,1909f56bfc062723c751e8b465ee728b)
Start importing Assets/Sprites/Tile palletes/Tile Palletes_Background/IndustrialTile_39.asset using Guid(ab4e18b5a410844cd97178260332da6c) Importer(815301076,1909f56bfc062723c751e8b465ee728b)  -> (artifact id: '2c91e8d827fe8fbae796f431673167be') in 0.010117 seconds
Number of updated asset objects reloaded before import = 0
Number of asset objects unloaded after import = 3
========================================================================
Received Import Request.
  Time since last request: 0.000031 seconds.
  path: Assets/Sprites/Tile palletes/Tile Palletes_Background/IndustrialTile_14.asset
  artifactKey: Guid(de4865206ef3547ceb4b0af0566af363) Importer(815301076,1909f56bfc062723c751e8b465ee728b)
Start importing Assets/Sprites/Tile palletes/Tile Palletes_Background/IndustrialTile_14.asset using Guid(de4865206ef3547ceb4b0af0566af363) Importer(815301076,1909f56bfc062723c751e8b465ee728b)  -> (artifact id: 'd2e75990afde9d4cbc65562e45543475') in 0.012384 seconds
Number of updated asset objects reloaded before import = 0
Number of asset objects unloaded after import = 3
========================================================================
Received Import Request.
  Time since last request: 0.000024 seconds.
  path: Assets/Sprites/Tile palletes/Tile Palletes_Background/IndustrialTile_03.asset
  artifactKey: Guid(177ba2479db0b4b19ab4d68a03f9f46b) Importer(815301076,1909f56bfc062723c751e8b465ee728b)
Start importing Assets/Sprites/Tile palletes/Tile Palletes_Background/IndustrialTile_03.asset using Guid(177ba2479db0b4b19ab4d68a03f9f46b) Importer(815301076,1909f56bfc062723c751e8b465ee728b)  -> (artifact id: '411681142103ed7abf25d4a0303256ab') in 0.013519 seconds
Number of updated asset objects reloaded before import = 0
Number of asset objects unloaded after import = 3
========================================================================
Received Import Request.
  Time since last request: 0.000037 seconds.
  path: Assets/Sprites/Tile palletes/Tile Palletes_Background/IndustrialTile_05.asset
  artifactKey: Guid(3b155d1e4a6264ed8a066c7ae32b1bdb) Importer(815301076,1909f56bfc062723c751e8b465ee728b)
Start importing Assets/Sprites/Tile palletes/Tile Palletes_Background/IndustrialTile_05.asset using Guid(3b155d1e4a6264ed8a066c7ae32b1bdb) Importer(815301076,1909f56bfc062723c751e8b465ee728b)  -> (artifact id: 'd70d6250f2b28e168a8a8fdba359cb9e') in 0.011569 seconds
Number of updated asset objects reloaded before import = 0
Number of asset objects unloaded after import = 3
========================================================================
Received Import Request.
  Time since last request: 0.000034 seconds.
  path: Assets/Sprites/Tile palletes/Tile Palletes_Background/IndustrialTile_25.asset
  artifactKey: Guid(a82735f9365fa40789e1216da97806a8) Importer(815301076,1909f56bfc062723c751e8b465ee728b)
Start importing Assets/Sprites/Tile palletes/Tile Palletes_Background/IndustrialTile_25.asset using Guid(a82735f9365fa40789e1216da97806a8) Importer(815301076,1909f56bfc062723c751e8b465ee728b)  -> (artifact id: 'fb365d11a5779bcd040a21867fb03710') in 0.010283 seconds
Number of updated asset objects reloaded before import = 0
Number of asset objects unloaded after import = 3
========================================================================
Received Import Request.
  Time since last request: 1.621178 seconds.
  path: Assets/Sprites/Tile palletes/Tile Palletes_Background/IndustrialTile_50.asset
  artifactKey: Guid(f2f2712bcd5cf47c5a564065a7b4318c) Importer(815301076,1909f56bfc062723c751e8b465ee728b)
Start importing Assets/Sprites/Tile palletes/Tile Palletes_Background/IndustrialTile_50.asset using Guid(f2f2712bcd5cf47c5a564065a7b4318c) Importer(815301076,1909f56bfc062723c751e8b465ee728b)  -> (artifact id: '72940eb4b2c7fa3a009b865ff006ee68') in 0.011829 seconds
Number of updated asset objects reloaded before import = 0
Number of asset objects unloaded after import = 3
========================================================================
Received Import Request.
  Time since last request: 0.000020 seconds.
  path: Assets/Sprites/Tile palletes/Tile Palletes_Background/IndustrialTile_54.asset
  artifactKey: Guid(723d7f669721a4306b7a3f44a1a52728) Importer(815301076,1909f56bfc062723c751e8b465ee728b)
Start importing Assets/Sprites/Tile palletes/Tile Palletes_Background/IndustrialTile_54.asset using Guid(723d7f669721a4306b7a3f44a1a52728) Importer(815301076,1909f56bfc062723c751e8b465ee728b)  -> (artifact id: 'bb0fe917aca706d56fc213c9d95b5a3a') in 0.012611 seconds
Number of updated asset objects reloaded before import = 0
Number of asset objects unloaded after import = 3
========================================================================
Received Import Request.
  Time since last request: 0.000031 seconds.
  path: Assets/Sprites/Tile palletes/Tile Palletes_Background/IndustrialTile_58.asset
  artifactKey: Guid(272c59b1678b948858fc690ffbe84429) Importer(815301076,1909f56bfc062723c751e8b465ee728b)
Start importing Assets/Sprites/Tile palletes/Tile Palletes_Background/IndustrialTile_58.asset using Guid(272c59b1678b948858fc690ffbe84429) Importer(815301076,1909f56bfc062723c751e8b465ee728b)  -> (artifact id: '795d04058506480b181dc05ccb2b99bb') in 0.012226 seconds
Number of updated asset objects reloaded before import = 0
Number of asset objects unloaded after import = 3
========================================================================
Received Import Request.
  Time since last request: 0.000019 seconds.
  path: Assets/Sprites/Tile palletes/Tile Palletes_Background/IndustrialTile_53.asset
  artifactKey: Guid(5f77cbaadfc64496195c893480b25c3b) Importer(815301076,1909f56bfc062723c751e8b465ee728b)
Start importing Assets/Sprites/Tile palletes/Tile Palletes_Background/IndustrialTile_53.asset using Guid(5f77cbaadfc64496195c893480b25c3b) Importer(815301076,1909f56bfc062723c751e8b465ee728b)  -> (artifact id: 'af490d27fa2b0634cc974e58e0b33eaa') in 0.011410 seconds
Number of updated asset objects reloaded before import = 0
Number of asset objects unloaded after import = 3
========================================================================
Received Import Request.
  Time since last request: 0.000018 seconds.
  path: Assets/Sprites/Tile palletes/Tile Palletes_Background/IndustrialTile_56.asset
  artifactKey: Guid(7bde3a55689c449429130f6a4ad4a5f5) Importer(815301076,1909f56bfc062723c751e8b465ee728b)
Start importing Assets/Sprites/Tile palletes/Tile Palletes_Background/IndustrialTile_56.asset using Guid(7bde3a55689c449429130f6a4ad4a5f5) Importer(815301076,1909f56bfc062723c751e8b465ee728b)  -> (artifact id: '3df9617c73b18c6dfa4558222e613d9f') in 0.012584 seconds
Number of updated asset objects reloaded before import = 0
Number of asset objects unloaded after import = 3
========================================================================
Received Import Request.
  Time since last request: 0.345151 seconds.
  path: Assets/Sprites/Tile palletes/Tile Palletes_Background/IndustrialTile_62.asset
  artifactKey: Guid(15518a22b18474b8c8f76cda217fc620) Importer(815301076,1909f56bfc062723c751e8b465ee728b)
Start importing Assets/Sprites/Tile palletes/Tile Palletes_Background/IndustrialTile_62.asset using Guid(15518a22b18474b8c8f76cda217fc620) Importer(815301076,1909f56bfc062723c751e8b465ee728b)  -> (artifact id: 'd8f2a0f588baff09d2d57461fbcc98bb') in 0.012601 seconds
Number of updated asset objects reloaded before import = 0
Number of asset objects unloaded after import = 3
========================================================================
Received Import Request.
  Time since last request: 0.000017 seconds.
  path: Assets/Sprites/Tile palletes/Tile Palletes_Background/IndustrialTile_66.asset
  artifactKey: Guid(afb51d80c4c034dfaa915d58b7e6606e) Importer(815301076,1909f56bfc062723c751e8b465ee728b)
Start importing Assets/Sprites/Tile palletes/Tile Palletes_Background/IndustrialTile_66.asset using Guid(afb51d80c4c034dfaa915d58b7e6606e) Importer(815301076,1909f56bfc062723c751e8b465ee728b)  -> (artifact id: 'd43eb028cd5d3f8969c81727ea4c056f') in 0.013397 seconds
Number of updated asset objects reloaded before import = 0
Number of asset objects unloaded after import = 3
========================================================================
Received Import Request.
  Time since last request: 0.000036 seconds.
  path: Assets/Sprites/Tile palletes/Tile Palletes_Background/IndustrialTile_68.asset
  artifactKey: Guid(cafe4a51131334adc982bc215b57d604) Importer(815301076,1909f56bfc062723c751e8b465ee728b)
Start importing Assets/Sprites/Tile palletes/Tile Palletes_Background/IndustrialTile_68.asset using Guid(cafe4a51131334adc982bc215b57d604) Importer(815301076,1909f56bfc062723c751e8b465ee728b)  -> (artifact id: '4794c4b1197f4cbae66706676d84d8fc') in 0.012360 seconds
Number of updated asset objects reloaded before import = 0
Number of asset objects unloaded after import = 3
========================================================================
Received Import Request.
  Time since last request: 0.006082 seconds.
  path: Assets/Sprites/Tile palletes/Tile Palletes_Background/IndustrialTile_74.asset
  artifactKey: Guid(4ed242c32b7464ccc9f222ae2cb41109) Importer(815301076,1909f56bfc062723c751e8b465ee728b)
Start importing Assets/Sprites/Tile palletes/Tile Palletes_Background/IndustrialTile_74.asset using Guid(4ed242c32b7464ccc9f222ae2cb41109) Importer(815301076,1909f56bfc062723c751e8b465ee728b)  -> (artifact id: 'e67cece65499a9fb5fc4c99c71cd986b') in 0.011857 seconds
Number of updated asset objects reloaded before import = 0
Number of asset objects unloaded after import = 3
========================================================================
Received Import Request.
  Time since last request: 0.000024 seconds.
  path: Assets/Sprites/Tile palletes/Tile Palletes_Background/IndustrialTile_80.asset
  artifactKey: Guid(400e8deed231840ff8867799745d9543) Importer(815301076,1909f56bfc062723c751e8b465ee728b)
Start importing Assets/Sprites/Tile palletes/Tile Palletes_Background/IndustrialTile_80.asset using Guid(400e8deed231840ff8867799745d9543) Importer(815301076,1909f56bfc062723c751e8b465ee728b)  -> (artifact id: 'f7b85e1f297da01120e6d12036c16aca') in 0.012130 seconds
Number of updated asset objects reloaded before import = 0
Number of asset objects unloaded after import = 3
========================================================================
Received Import Request.
  Time since last request: 0.000034 seconds.
  path: Assets/Sprites/Tile palletes/Tile Palletes_Background/IndustrialTile_77.asset
  artifactKey: Guid(06a163892f8b849f9bb3bf0d0aa75084) Importer(815301076,1909f56bfc062723c751e8b465ee728b)
Start importing Assets/Sprites/Tile palletes/Tile Palletes_Background/IndustrialTile_77.asset using Guid(06a163892f8b849f9bb3bf0d0aa75084) Importer(815301076,1909f56bfc062723c751e8b465ee728b)  -> (artifact id: 'fa851420ece44a4cea281eb93ca275db') in 0.011135 seconds
Number of updated asset objects reloaded before import = 0
Number of asset objects unloaded after import = 3
========================================================================
Received Prepare
Begin MonoManager ReloadAssembly
- Loaded All Assemblies, in  0.401 seconds
Refreshing native plugins compatible for Editor in 3.86 ms, found 4 plugins.
Native extension for WindowsStandalone target not found
[Package Manager] Server::EnsureServerProcessIsRunning -- launch failed, reason: Unity was launched with the -noUpm command-line argument
[Package Manager] UpmClient::Send -- Unable to send message (not connected to UPM process).
[Package Manager] Cannot connect to Unity Package Manager local server
Mono: successfully reloaded assembly
- Finished resetting the current domain, in  0.941 seconds
Domain Reload Profiling: 1339ms
	BeginReloadAssembly (144ms)
		ExecutionOrderSort (0ms)
		DisableScriptedObjects (10ms)
		BackupInstance (0ms)
		ReleaseScriptingObjects (0ms)
		CreateAndSetChildDomain (37ms)
	RebuildCommonClasses (25ms)
	RebuildNativeTypeToScriptingClass (9ms)
	initialDomainReloadingComplete (26ms)
	LoadAllAssembliesAndSetupDomain (193ms)
		LoadAssemblies (251ms)
		RebuildTransferFunctionScriptingTraits (0ms)
		AnalyzeDomain (11ms)
			TypeCache.Refresh (6ms)
				TypeCache.ScanAssembly (0ms)
			ScanForSourceGeneratedMonoScriptInfo (0ms)
			ResolveRequiredComponents (4ms)
	FinalizeReload (942ms)
		ReleaseScriptCaches (0ms)
		RebuildScriptCaches (0ms)
		SetupLoadedEditorAssemblies (382ms)
			LogAssemblyErrors (0ms)
			InitializePlatformSupportModulesInManaged (6ms)
			SetLoadedEditorAssemblies (3ms)
			RefreshPlugins (0ms)
			BeforeProcessingInitializeOnLoad (68ms)
			ProcessInitializeOnLoadAttributes (267ms)
			ProcessInitializeOnLoadMethodAttributes (30ms)
			AfterProcessingInitializeOnLoad (8ms)
			EditorAssembliesLoaded (0ms)
		ExecutionOrderSort2 (0ms)
		AwakeInstancesAfterBackupRestoration (12ms)
Refreshing native plugins compatible for Editor in 4.32 ms, found 4 plugins.
Preloading 0 native plugins for Editor in 0.00 ms.
Unloading 4048 Unused Serialized files (Serialized files now loaded: 0)
Unloading 36 unused Assets / (35.2 KB). Loaded Objects now: 4556.
Memory consumption went from 150.2 MB to 150.2 MB.
Total: 3.113600 ms (FindLiveObjects: 0.392200 ms CreateObjectMapping: 0.158900 ms MarkObjects: 2.497300 ms  DeleteObjects: 0.063900 ms)

Prepare: number of updated asset objects reloaded= 0
AssetImportParameters requested are different than current active one (requested -> active):
  custom:container-demuxer-ogg: 62fdf1f143b41e24485cea50d1cbac27 -> 
  custom:video-codec-MediaFoundation-h265: 746d11721c4dcdbdad8f713fa42b33f4 -> 
  custom:video-decoder-ogg-theora: a1e56fd34408186e4bbccfd4996cb3dc -> 
  custom:framework-win-MediaFoundation: 216162199b28c13a410421893ffa2e32 -> 
  custom:CustomObjectIndexerAttribute: 6d391050e5a25f67b0a2c618074f2cd9 -> 
  custom:container-demuxer-webm: 4f35f7cbe854078d1ac9338744f61a02 -> 
  custom:container-muxer-webm: aa71ff27fc2769a1b78a27578f13a17b -> 
  custom:video-decoder-webm-vp8: 9c59270c3fd7afecdb556c50c9e8de78 -> 
  custom:SearchIndexIgnoredProperties: e643bd26f0fe6173181afceb89e7c659 -> 
  custom:AudioImporter_EditorPlatform: d09bf68614088b80899f8185d706f6e7 -> 
  custom:video-encoder-webm-vp8: eb34c28f22e8b96e1ab97ce403110664 -> 
  custom:audio-decoder-ogg-vorbis: bf7c407c2cedff20999df2af8eb42d56 -> 
  custom:audio-encoder-webm-vorbis: bf7c407c2cedff20999df2af8eb42d56 -> 
========================================================================
Received Prepare
Begin MonoManager ReloadAssembly
- Loaded All Assemblies, in  0.445 seconds
Refreshing native plugins compatible for Editor in 3.32 ms, found 4 plugins.
Native extension for WindowsStandalone target not found
[Package Manager] Server::EnsureServerProcessIsRunning -- launch failed, reason: Unity was launched with the -noUpm command-line argument
[Package Manager] UpmClient::Send -- Unable to send message (not connected to UPM process).
[Package Manager] Cannot connect to Unity Package Manager local server
Mono: successfully reloaded assembly
- Finished resetting the current domain, in  0.896 seconds
Domain Reload Profiling: 1337ms
	BeginReloadAssembly (146ms)
		ExecutionOrderSort (0ms)
		DisableScriptedObjects (9ms)
		BackupInstance (0ms)
		ReleaseScriptingObjects (0ms)
		CreateAndSetChildDomain (38ms)
	RebuildCommonClasses (25ms)
	RebuildNativeTypeToScriptingClass (9ms)
	initialDomainReloadingComplete (27ms)
	LoadAllAssembliesAndSetupDomain (234ms)
		LoadAssemblies (295ms)
		RebuildTransferFunctionScriptingTraits (0ms)
		AnalyzeDomain (11ms)
			TypeCache.Refresh (6ms)
				TypeCache.ScanAssembly (0ms)
			ScanForSourceGeneratedMonoScriptInfo (0ms)
			ResolveRequiredComponents (4ms)
	FinalizeReload (896ms)
		ReleaseScriptCaches (0ms)
		RebuildScriptCaches (0ms)
		SetupLoadedEditorAssemblies (389ms)
			LogAssemblyErrors (0ms)
			InitializePlatformSupportModulesInManaged (5ms)
			SetLoadedEditorAssemblies (4ms)
			RefreshPlugins (0ms)
			BeforeProcessingInitializeOnLoad (70ms)
			ProcessInitializeOnLoadAttributes (272ms)
			ProcessInitializeOnLoadMethodAttributes (30ms)
			AfterProcessingInitializeOnLoad (7ms)
			EditorAssembliesLoaded (0ms)
		ExecutionOrderSort2 (0ms)
		AwakeInstancesAfterBackupRestoration (12ms)
Refreshing native plugins compatible for Editor in 4.04 ms, found 4 plugins.
Preloading 0 native plugins for Editor in 0.00 ms.
Unloading 4049 Unused Serialized files (Serialized files now loaded: 0)
Unloading 36 unused Assets / (35.2 KB). Loaded Objects now: 4560.
Memory consumption went from 152.4 MB to 152.3 MB.
Total: 2.951400 ms (FindLiveObjects: 0.300200 ms CreateObjectMapping: 0.109200 ms MarkObjects: 2.479200 ms  DeleteObjects: 0.061300 ms)

Prepare: number of updated asset objects reloaded= 0
AssetImportParameters requested are different than current active one (requested -> active):
  custom:container-demuxer-ogg: 62fdf1f143b41e24485cea50d1cbac27 -> 
  custom:video-codec-MediaFoundation-h265: 746d11721c4dcdbdad8f713fa42b33f4 -> 
  custom:video-decoder-ogg-theora: a1e56fd34408186e4bbccfd4996cb3dc -> 
  custom:framework-win-MediaFoundation: 216162199b28c13a410421893ffa2e32 -> 
  custom:CustomObjectIndexerAttribute: 6d391050e5a25f67b0a2c618074f2cd9 -> 
  custom:container-demuxer-webm: 4f35f7cbe854078d1ac9338744f61a02 -> 
  custom:container-muxer-webm: aa71ff27fc2769a1b78a27578f13a17b -> 
  custom:video-decoder-webm-vp8: 9c59270c3fd7afecdb556c50c9e8de78 -> 
  custom:SearchIndexIgnoredProperties: e643bd26f0fe6173181afceb89e7c659 -> 
  custom:AudioImporter_EditorPlatform: d09bf68614088b80899f8185d706f6e7 -> 
  custom:video-encoder-webm-vp8: eb34c28f22e8b96e1ab97ce403110664 -> 
  custom:audio-decoder-ogg-vorbis: bf7c407c2cedff20999df2af8eb42d56 -> 
  custom:audio-encoder-webm-vorbis: bf7c407c2cedff20999df2af8eb42d56 -> 
========================================================================
Received Prepare
Begin MonoManager ReloadAssembly
- Loaded All Assemblies, in  0.402 seconds
Refreshing native plugins compatible for Editor in 3.87 ms, found 4 plugins.
Native extension for WindowsStandalone target not found
[Package Manager] Server::EnsureServerProcessIsRunning -- launch failed, reason: Unity was launched with the -noUpm command-line argument
[Package Manager] UpmClient::Send -- Unable to send message (not connected to UPM process).
[Package Manager] Cannot connect to Unity Package Manager local server
Mono: successfully reloaded assembly
- Finished resetting the current domain, in  0.872 seconds
Domain Reload Profiling: 1271ms
	BeginReloadAssembly (146ms)
		ExecutionOrderSort (0ms)
		DisableScriptedObjects (10ms)
		BackupInstance (0ms)
		ReleaseScriptingObjects (0ms)
		CreateAndSetChildDomain (33ms)
	RebuildCommonClasses (25ms)
	RebuildNativeTypeToScriptingClass (9ms)
	initialDomainReloadingComplete (26ms)
	LoadAllAssembliesAndSetupDomain (193ms)
		LoadAssemblies (258ms)
		RebuildTransferFunctionScriptingTraits (0ms)
		AnalyzeDomain (11ms)
			TypeCache.Refresh (6ms)
				TypeCache.ScanAssembly (0ms)
			ScanForSourceGeneratedMonoScriptInfo (0ms)
			ResolveRequiredComponents (4ms)
	FinalizeReload (873ms)
		ReleaseScriptCaches (0ms)
		RebuildScriptCaches (0ms)
		SetupLoadedEditorAssemblies (378ms)
			LogAssemblyErrors (0ms)
			InitializePlatformSupportModulesInManaged (6ms)
			SetLoadedEditorAssemblies (3ms)
			RefreshPlugins (0ms)
			BeforeProcessingInitializeOnLoad (66ms)
			ProcessInitializeOnLoadAttributes (268ms)
			ProcessInitializeOnLoadMethodAttributes (28ms)
			AfterProcessingInitializeOnLoad (7ms)
			EditorAssembliesLoaded (0ms)
		ExecutionOrderSort2 (0ms)
		AwakeInstancesAfterBackupRestoration (12ms)
Refreshing native plugins compatible for Editor in 3.71 ms, found 4 plugins.
Preloading 0 native plugins for Editor in 0.00 ms.
Unloading 4049 Unused Serialized files (Serialized files now loaded: 0)
Unloading 36 unused Assets / (35.3 KB). Loaded Objects now: 4564.
Memory consumption went from 154.3 MB to 154.3 MB.
Total: 3.218100 ms (FindLiveObjects: 0.512900 ms CreateObjectMapping: 0.180700 ms MarkObjects: 2.447800 ms  DeleteObjects: 0.075200 ms)

Prepare: number of updated asset objects reloaded= 0
AssetImportParameters requested are different than current active one (requested -> active):
  custom:container-demuxer-ogg: 62fdf1f143b41e24485cea50d1cbac27 -> 
  custom:video-codec-MediaFoundation-h265: 746d11721c4dcdbdad8f713fa42b33f4 -> 
  custom:video-decoder-ogg-theora: a1e56fd34408186e4bbccfd4996cb3dc -> 
  custom:framework-win-MediaFoundation: 216162199b28c13a410421893ffa2e32 -> 
  custom:CustomObjectIndexerAttribute: 6d391050e5a25f67b0a2c618074f2cd9 -> 
  custom:container-demuxer-webm: 4f35f7cbe854078d1ac9338744f61a02 -> 
  custom:container-muxer-webm: aa71ff27fc2769a1b78a27578f13a17b -> 
  custom:video-decoder-webm-vp8: 9c59270c3fd7afecdb556c50c9e8de78 -> 
  custom:SearchIndexIgnoredProperties: e643bd26f0fe6173181afceb89e7c659 -> 
  custom:AudioImporter_EditorPlatform: d09bf68614088b80899f8185d706f6e7 -> 
  custom:video-encoder-webm-vp8: eb34c28f22e8b96e1ab97ce403110664 -> 
  custom:audio-decoder-ogg-vorbis: bf7c407c2cedff20999df2af8eb42d56 -> 
  custom:audio-encoder-webm-vorbis: bf7c407c2cedff20999df2af8eb42d56 -> 
========================================================================
Received Prepare
Begin MonoManager ReloadAssembly
- Loaded All Assemblies, in  0.393 seconds
Refreshing native plugins compatible for Editor in 3.97 ms, found 4 plugins.
Native extension for WindowsStandalone target not found
[Package Manager] Server::EnsureServerProcessIsRunning -- launch failed, reason: Unity was launched with the -noUpm command-line argument
[Package Manager] UpmClient::Send -- Unable to send message (not connected to UPM process).
[Package Manager] Cannot connect to Unity Package Manager local server
Mono: successfully reloaded assembly
- Finished resetting the current domain, in  0.861 seconds
Domain Reload Profiling: 1250ms
	BeginReloadAssembly (141ms)
		ExecutionOrderSort (0ms)
		DisableScriptedObjects (9ms)
		BackupInstance (0ms)
		ReleaseScriptingObjects (0ms)
		CreateAndSetChildDomain (39ms)
	RebuildCommonClasses (24ms)
	RebuildNativeTypeToScriptingClass (9ms)
	initialDomainReloadingComplete (26ms)
	LoadAllAssembliesAndSetupDomain (190ms)
		LoadAssemblies (242ms)
		RebuildTransferFunctionScriptingTraits (0ms)
		AnalyzeDomain (14ms)
			TypeCache.Refresh (6ms)
				TypeCache.ScanAssembly (0ms)
			ScanForSourceGeneratedMonoScriptInfo (0ms)
			ResolveRequiredComponents (7ms)
	FinalizeReload (861ms)
		ReleaseScriptCaches (0ms)
		RebuildScriptCaches (0ms)
		SetupLoadedEditorAssemblies (383ms)
			LogAssemblyErrors (0ms)
			InitializePlatformSupportModulesInManaged (5ms)
			SetLoadedEditorAssemblies (4ms)
			RefreshPlugins (0ms)
			BeforeProcessingInitializeOnLoad (70ms)
			ProcessInitializeOnLoadAttributes (266ms)
			ProcessInitializeOnLoadMethodAttributes (32ms)
			AfterProcessingInitializeOnLoad (6ms)
			EditorAssembliesLoaded (0ms)
		ExecutionOrderSort2 (0ms)
		AwakeInstancesAfterBackupRestoration (11ms)
Refreshing native plugins compatible for Editor in 4.05 ms, found 4 plugins.
Preloading 0 native plugins for Editor in 0.00 ms.
Unloading 4049 Unused Serialized files (Serialized files now loaded: 0)
Unloading 36 unused Assets / (35.3 KB). Loaded Objects now: 4568.
Memory consumption went from 156.2 MB to 156.2 MB.
Total: 3.520300 ms (FindLiveObjects: 0.326500 ms CreateObjectMapping: 0.096600 ms MarkObjects: 3.022500 ms  DeleteObjects: 0.073300 ms)

Prepare: number of updated asset objects reloaded= 0
AssetImportParameters requested are different than current active one (requested -> active):
  custom:container-demuxer-ogg: 62fdf1f143b41e24485cea50d1cbac27 -> 
  custom:video-codec-MediaFoundation-h265: 746d11721c4dcdbdad8f713fa42b33f4 -> 
  custom:video-decoder-ogg-theora: a1e56fd34408186e4bbccfd4996cb3dc -> 
  custom:framework-win-MediaFoundation: 216162199b28c13a410421893ffa2e32 -> 
  custom:CustomObjectIndexerAttribute: 6d391050e5a25f67b0a2c618074f2cd9 -> 
  custom:container-demuxer-webm: 4f35f7cbe854078d1ac9338744f61a02 -> 
  custom:container-muxer-webm: aa71ff27fc2769a1b78a27578f13a17b -> 
  custom:video-decoder-webm-vp8: 9c59270c3fd7afecdb556c50c9e8de78 -> 
  custom:SearchIndexIgnoredProperties: e643bd26f0fe6173181afceb89e7c659 -> 
  custom:AudioImporter_EditorPlatform: d09bf68614088b80899f8185d706f6e7 -> 
  custom:video-encoder-webm-vp8: eb34c28f22e8b96e1ab97ce403110664 -> 
  custom:audio-decoder-ogg-vorbis: bf7c407c2cedff20999df2af8eb42d56 -> 
  custom:audio-encoder-webm-vorbis: bf7c407c2cedff20999df2af8eb42d56 -> 
========================================================================
Received Prepare
Begin MonoManager ReloadAssembly
- Loaded All Assemblies, in  0.393 seconds
Refreshing native plugins compatible for Editor in 4.15 ms, found 4 plugins.
Native extension for WindowsStandalone target not found
[Package Manager] Server::EnsureServerProcessIsRunning -- launch failed, reason: Unity was launched with the -noUpm command-line argument
[Package Manager] UpmClient::Send -- Unable to send message (not connected to UPM process).
[Package Manager] Cannot connect to Unity Package Manager local server
Mono: successfully reloaded assembly
- Finished resetting the current domain, in  0.871 seconds
Domain Reload Profiling: 1261ms
	BeginReloadAssembly (140ms)
		ExecutionOrderSort (0ms)
		DisableScriptedObjects (9ms)
		BackupInstance (0ms)
		ReleaseScriptingObjects (0ms)
		CreateAndSetChildDomain (34ms)
	RebuildCommonClasses (29ms)
	RebuildNativeTypeToScriptingClass (8ms)
	initialDomainReloadingComplete (28ms)
	LoadAllAssembliesAndSetupDomain (185ms)
		LoadAssemblies (243ms)
		RebuildTransferFunctionScriptingTraits (0ms)
		AnalyzeDomain (12ms)
			TypeCache.Refresh (7ms)
				TypeCache.ScanAssembly (0ms)
			ScanForSourceGeneratedMonoScriptInfo (0ms)
			ResolveRequiredComponents (4ms)
	FinalizeReload (871ms)
		ReleaseScriptCaches (0ms)
		RebuildScriptCaches (0ms)
		SetupLoadedEditorAssemblies (376ms)
			LogAssemblyErrors (0ms)
			InitializePlatformSupportModulesInManaged (6ms)
			SetLoadedEditorAssemblies (4ms)
			RefreshPlugins (0ms)
			BeforeProcessingInitializeOnLoad (66ms)
			ProcessInitializeOnLoadAttributes (263ms)
			ProcessInitializeOnLoadMethodAttributes (29ms)
			AfterProcessingInitializeOnLoad (7ms)
			EditorAssembliesLoaded (0ms)
		ExecutionOrderSort2 (0ms)
		AwakeInstancesAfterBackupRestoration (11ms)
Refreshing native plugins compatible for Editor in 3.88 ms, found 4 plugins.
Preloading 0 native plugins for Editor in 0.00 ms.
Unloading 4049 Unused Serialized files (Serialized files now loaded: 0)
Unloading 36 unused Assets / (35.3 KB). Loaded Objects now: 4572.
Memory consumption went from 158.2 MB to 158.2 MB.
Total: 3.537200 ms (FindLiveObjects: 0.389700 ms CreateObjectMapping: 0.129400 ms MarkObjects: 2.951000 ms  DeleteObjects: 0.065600 ms)

Prepare: number of updated asset objects reloaded= 0
AssetImportParameters requested are different than current active one (requested -> active):
  custom:container-demuxer-ogg: 62fdf1f143b41e24485cea50d1cbac27 -> 
  custom:video-codec-MediaFoundation-h265: 746d11721c4dcdbdad8f713fa42b33f4 -> 
  custom:video-decoder-ogg-theora: a1e56fd34408186e4bbccfd4996cb3dc -> 
  custom:framework-win-MediaFoundation: 216162199b28c13a410421893ffa2e32 -> 
  custom:CustomObjectIndexerAttribute: 6d391050e5a25f67b0a2c618074f2cd9 -> 
  custom:container-demuxer-webm: 4f35f7cbe854078d1ac9338744f61a02 -> 
  custom:container-muxer-webm: aa71ff27fc2769a1b78a27578f13a17b -> 
  custom:video-decoder-webm-vp8: 9c59270c3fd7afecdb556c50c9e8de78 -> 
  custom:SearchIndexIgnoredProperties: e643bd26f0fe6173181afceb89e7c659 -> 
  custom:AudioImporter_EditorPlatform: d09bf68614088b80899f8185d706f6e7 -> 
  custom:video-encoder-webm-vp8: eb34c28f22e8b96e1ab97ce403110664 -> 
  custom:audio-decoder-ogg-vorbis: bf7c407c2cedff20999df2af8eb42d56 -> 
  custom:audio-encoder-webm-vorbis: bf7c407c2cedff20999df2af8eb42d56 -> 
========================================================================
Received Prepare
Begin MonoManager ReloadAssembly
- Loaded All Assemblies, in  0.439 seconds
Refreshing native plugins compatible for Editor in 4.09 ms, found 4 plugins.
Native extension for WindowsStandalone target not found
[Package Manager] Server::EnsureServerProcessIsRunning -- launch failed, reason: Unity was launched with the -noUpm command-line argument
[Package Manager] UpmClient::Send -- Unable to send message (not connected to UPM process).
[Package Manager] Cannot connect to Unity Package Manager local server
Mono: successfully reloaded assembly
- Finished resetting the current domain, in  0.829 seconds
Domain Reload Profiling: 1266ms
	BeginReloadAssembly (151ms)
		ExecutionOrderSort (0ms)
		DisableScriptedObjects (9ms)
		BackupInstance (0ms)
		ReleaseScriptingObjects (0ms)
		CreateAndSetChildDomain (41ms)
	RebuildCommonClasses (26ms)
	RebuildNativeTypeToScriptingClass (10ms)
	initialDomainReloadingComplete (26ms)
	LoadAllAssembliesAndSetupDomain (224ms)
		LoadAssemblies (272ms)
		RebuildTransferFunctionScriptingTraits (0ms)
		AnalyzeDomain (26ms)
			TypeCache.Refresh (11ms)
				TypeCache.ScanAssembly (1ms)
			ScanForSourceGeneratedMonoScriptInfo (9ms)
			ResolveRequiredComponents (4ms)
	FinalizeReload (830ms)
		ReleaseScriptCaches (0ms)
		RebuildScriptCaches (0ms)
		SetupLoadedEditorAssemblies (361ms)
			LogAssemblyErrors (0ms)
			InitializePlatformSupportModulesInManaged (5ms)
			SetLoadedEditorAssemblies (3ms)
			RefreshPlugins (0ms)
			BeforeProcessingInitializeOnLoad (63ms)
			ProcessInitializeOnLoadAttributes (256ms)
			ProcessInitializeOnLoadMethodAttributes (25ms)
			AfterProcessingInitializeOnLoad (9ms)
			EditorAssembliesLoaded (0ms)
		ExecutionOrderSort2 (0ms)
		AwakeInstancesAfterBackupRestoration (10ms)
Refreshing native plugins compatible for Editor in 3.68 ms, found 4 plugins.
Preloading 0 native plugins for Editor in 0.00 ms.
Unloading 4049 Unused Serialized files (Serialized files now loaded: 0)
Unloading 36 unused Assets / (35.3 KB). Loaded Objects now: 4576.
Memory consumption went from 160.1 MB to 160.1 MB.
Total: 3.154900 ms (FindLiveObjects: 0.308300 ms CreateObjectMapping: 0.104900 ms MarkObjects: 2.674800 ms  DeleteObjects: 0.065300 ms)

Prepare: number of updated asset objects reloaded= 0
AssetImportParameters requested are different than current active one (requested -> active):
  custom:container-demuxer-ogg: 62fdf1f143b41e24485cea50d1cbac27 -> 
  custom:video-codec-MediaFoundation-h265: 746d11721c4dcdbdad8f713fa42b33f4 -> 
  custom:video-decoder-ogg-theora: a1e56fd34408186e4bbccfd4996cb3dc -> 
  custom:framework-win-MediaFoundation: 216162199b28c13a410421893ffa2e32 -> 
  custom:CustomObjectIndexerAttribute: 6d391050e5a25f67b0a2c618074f2cd9 -> 
  custom:container-demuxer-webm: 4f35f7cbe854078d1ac9338744f61a02 -> 
  custom:container-muxer-webm: aa71ff27fc2769a1b78a27578f13a17b -> 
  custom:video-decoder-webm-vp8: 9c59270c3fd7afecdb556c50c9e8de78 -> 
  custom:SearchIndexIgnoredProperties: e643bd26f0fe6173181afceb89e7c659 -> 
  custom:AudioImporter_EditorPlatform: d09bf68614088b80899f8185d706f6e7 -> 
  custom:video-encoder-webm-vp8: eb34c28f22e8b96e1ab97ce403110664 -> 
  custom:audio-decoder-ogg-vorbis: bf7c407c2cedff20999df2af8eb42d56 -> 
  custom:audio-encoder-webm-vorbis: bf7c407c2cedff20999df2af8eb42d56 -> 
========================================================================
Received Prepare
Begin MonoManager ReloadAssembly
- Loaded All Assemblies, in  0.420 seconds
Refreshing native plugins compatible for Editor in 4.23 ms, found 4 plugins.
Native extension for WindowsStandalone target not found
[Package Manager] Server::EnsureServerProcessIsRunning -- launch failed, reason: Unity was launched with the -noUpm command-line argument
[Package Manager] UpmClient::Send -- Unable to send message (not connected to UPM process).
[Package Manager] Cannot connect to Unity Package Manager local server
Mono: successfully reloaded assembly
- Finished resetting the current domain, in  0.898 seconds
Domain Reload Profiling: 1315ms
	BeginReloadAssembly (143ms)
		ExecutionOrderSort (0ms)
		DisableScriptedObjects (9ms)
		BackupInstance (0ms)
		ReleaseScriptingObjects (0ms)
		CreateAndSetChildDomain (35ms)
	RebuildCommonClasses (38ms)
	RebuildNativeTypeToScriptingClass (14ms)
	initialDomainReloadingComplete (27ms)
	LoadAllAssembliesAndSetupDomain (195ms)
		LoadAssemblies (251ms)
		RebuildTransferFunctionScriptingTraits (0ms)
		AnalyzeDomain (13ms)
			TypeCache.Refresh (7ms)
				TypeCache.ScanAssembly (0ms)
			ScanForSourceGeneratedMonoScriptInfo (0ms)
			ResolveRequiredComponents (4ms)
	FinalizeReload (898ms)
		ReleaseScriptCaches (0ms)
		RebuildScriptCaches (0ms)
		SetupLoadedEditorAssemblies (378ms)
			LogAssemblyErrors (0ms)
			InitializePlatformSupportModulesInManaged (6ms)
			SetLoadedEditorAssemblies (3ms)
			RefreshPlugins (0ms)
			BeforeProcessingInitializeOnLoad (67ms)
			ProcessInitializeOnLoadAttributes (263ms)
			ProcessInitializeOnLoadMethodAttributes (31ms)
			AfterProcessingInitializeOnLoad (8ms)
			EditorAssembliesLoaded (0ms)
		ExecutionOrderSort2 (0ms)
		AwakeInstancesAfterBackupRestoration (12ms)
Refreshing native plugins compatible for Editor in 5.77 ms, found 4 plugins.
Preloading 0 native plugins for Editor in 0.00 ms.
Unloading 4049 Unused Serialized files (Serialized files now loaded: 0)
Unloading 36 unused Assets / (35.3 KB). Loaded Objects now: 4580.
Memory consumption went from 162.1 MB to 162.0 MB.
Total: 3.022700 ms (FindLiveObjects: 0.324700 ms CreateObjectMapping: 0.111900 ms MarkObjects: 2.515600 ms  DeleteObjects: 0.070000 ms)

Prepare: number of updated asset objects reloaded= 0
AssetImportParameters requested are different than current active one (requested -> active):
  custom:container-demuxer-ogg: 62fdf1f143b41e24485cea50d1cbac27 -> 
  custom:video-codec-MediaFoundation-h265: 746d11721c4dcdbdad8f713fa42b33f4 -> 
  custom:video-decoder-ogg-theora: a1e56fd34408186e4bbccfd4996cb3dc -> 
  custom:framework-win-MediaFoundation: 216162199b28c13a410421893ffa2e32 -> 
  custom:CustomObjectIndexerAttribute: 6d391050e5a25f67b0a2c618074f2cd9 -> 
  custom:container-demuxer-webm: 4f35f7cbe854078d1ac9338744f61a02 -> 
  custom:container-muxer-webm: aa71ff27fc2769a1b78a27578f13a17b -> 
  custom:video-decoder-webm-vp8: 9c59270c3fd7afecdb556c50c9e8de78 -> 
  custom:SearchIndexIgnoredProperties: e643bd26f0fe6173181afceb89e7c659 -> 
  custom:AudioImporter_EditorPlatform: d09bf68614088b80899f8185d706f6e7 -> 
  custom:video-encoder-webm-vp8: eb34c28f22e8b96e1ab97ce403110664 -> 
  custom:audio-decoder-ogg-vorbis: bf7c407c2cedff20999df2af8eb42d56 -> 
  custom:audio-encoder-webm-vorbis: bf7c407c2cedff20999df2af8eb42d56 -> 
========================================================================
Received Prepare
Begin MonoManager ReloadAssembly
- Loaded All Assemblies, in  0.410 seconds
Refreshing native plugins compatible for Editor in 4.00 ms, found 4 plugins.
Native extension for WindowsStandalone target not found
[Package Manager] Server::EnsureServerProcessIsRunning -- launch failed, reason: Unity was launched with the -noUpm command-line argument
[Package Manager] UpmClient::Send -- Unable to send message (not connected to UPM process).
[Package Manager] Cannot connect to Unity Package Manager local server
Mono: successfully reloaded assembly
- Finished resetting the current domain, in  0.762 seconds
Domain Reload Profiling: 1169ms
	BeginReloadAssembly (141ms)
		ExecutionOrderSort (0ms)
		DisableScriptedObjects (12ms)
		BackupInstance (0ms)
		ReleaseScriptingObjects (0ms)
		CreateAndSetChildDomain (33ms)
	RebuildCommonClasses (26ms)
	RebuildNativeTypeToScriptingClass (9ms)
	initialDomainReloadingComplete (26ms)
	LoadAllAssembliesAndSetupDomain (204ms)
		LoadAssemblies (247ms)
		RebuildTransferFunctionScriptingTraits (0ms)
		AnalyzeDomain (25ms)
			TypeCache.Refresh (10ms)
				TypeCache.ScanAssembly (1ms)
			ScanForSourceGeneratedMonoScriptInfo (9ms)
			ResolveRequiredComponents (4ms)
	FinalizeReload (763ms)
		ReleaseScriptCaches (0ms)
		RebuildScriptCaches (0ms)
		SetupLoadedEditorAssemblies (330ms)
			LogAssemblyErrors (0ms)
			InitializePlatformSupportModulesInManaged (4ms)
			SetLoadedEditorAssemblies (3ms)
			RefreshPlugins (0ms)
			BeforeProcessingInitializeOnLoad (64ms)
			ProcessInitializeOnLoadAttributes (229ms)
			ProcessInitializeOnLoadMethodAttributes (24ms)
			AfterProcessingInitializeOnLoad (6ms)
			EditorAssembliesLoaded (0ms)
		ExecutionOrderSort2 (0ms)
		AwakeInstancesAfterBackupRestoration (10ms)
Refreshing native plugins compatible for Editor in 3.59 ms, found 4 plugins.
Preloading 0 native plugins for Editor in 0.00 ms.
Unloading 4049 Unused Serialized files (Serialized files now loaded: 0)
Unloading 36 unused Assets / (35.4 KB). Loaded Objects now: 4584.
Memory consumption went from 164.0 MB to 164.0 MB.
Total: 2.946800 ms (FindLiveObjects: 0.268300 ms CreateObjectMapping: 0.135800 ms MarkObjects: 2.478900 ms  DeleteObjects: 0.063100 ms)

Prepare: number of updated asset objects reloaded= 0
AssetImportParameters requested are different than current active one (requested -> active):
  custom:container-demuxer-ogg: 62fdf1f143b41e24485cea50d1cbac27 -> 
  custom:video-codec-MediaFoundation-h265: 746d11721c4dcdbdad8f713fa42b33f4 -> 
  custom:video-decoder-ogg-theora: a1e56fd34408186e4bbccfd4996cb3dc -> 
  custom:framework-win-MediaFoundation: 216162199b28c13a410421893ffa2e32 -> 
  custom:CustomObjectIndexerAttribute: 6d391050e5a25f67b0a2c618074f2cd9 -> 
  custom:container-demuxer-webm: 4f35f7cbe854078d1ac9338744f61a02 -> 
  custom:container-muxer-webm: aa71ff27fc2769a1b78a27578f13a17b -> 
  custom:video-decoder-webm-vp8: 9c59270c3fd7afecdb556c50c9e8de78 -> 
  custom:SearchIndexIgnoredProperties: e643bd26f0fe6173181afceb89e7c659 -> 
  custom:AudioImporter_EditorPlatform: d09bf68614088b80899f8185d706f6e7 -> 
  custom:video-encoder-webm-vp8: eb34c28f22e8b96e1ab97ce403110664 -> 
  custom:audio-decoder-ogg-vorbis: bf7c407c2cedff20999df2af8eb42d56 -> 
  custom:audio-encoder-webm-vorbis: bf7c407c2cedff20999df2af8eb42d56 -> 
========================================================================
Received Prepare
Begin MonoManager ReloadAssembly
- Loaded All Assemblies, in  0.395 seconds
Refreshing native plugins compatible for Editor in 3.88 ms, found 4 plugins.
Native extension for WindowsStandalone target not found
[Package Manager] Server::EnsureServerProcessIsRunning -- launch failed, reason: Unity was launched with the -noUpm command-line argument
[Package Manager] UpmClient::Send -- Unable to send message (not connected to UPM process).
[Package Manager] Cannot connect to Unity Package Manager local server
Mono: successfully reloaded assembly
- Finished resetting the current domain, in  0.853 seconds
Domain Reload Profiling: 1245ms
	BeginReloadAssembly (140ms)
		ExecutionOrderSort (0ms)
		DisableScriptedObjects (9ms)
		BackupInstance (0ms)
		ReleaseScriptingObjects (0ms)
		CreateAndSetChildDomain (33ms)
	RebuildCommonClasses (30ms)
	RebuildNativeTypeToScriptingClass (8ms)
	initialDomainReloadingComplete (28ms)
	LoadAllAssembliesAndSetupDomain (185ms)
		LoadAssemblies (241ms)
		RebuildTransferFunctionScriptingTraits (0ms)
		AnalyzeDomain (13ms)
			TypeCache.Refresh (7ms)
				TypeCache.ScanAssembly (0ms)
			ScanForSourceGeneratedMonoScriptInfo (0ms)
			ResolveRequiredComponents (4ms)
	FinalizeReload (853ms)
		ReleaseScriptCaches (0ms)
		RebuildScriptCaches (0ms)
		SetupLoadedEditorAssemblies (380ms)
			LogAssemblyErrors (0ms)
			InitializePlatformSupportModulesInManaged (6ms)
			SetLoadedEditorAssemblies (5ms)
			RefreshPlugins (0ms)
			BeforeProcessingInitializeOnLoad (70ms)
			ProcessInitializeOnLoadAttributes (264ms)
			ProcessInitializeOnLoadMethodAttributes (27ms)
			AfterProcessingInitializeOnLoad (8ms)
			EditorAssembliesLoaded (0ms)
		ExecutionOrderSort2 (0ms)
		AwakeInstancesAfterBackupRestoration (12ms)
Refreshing native plugins compatible for Editor in 4.15 ms, found 4 plugins.
Preloading 0 native plugins for Editor in 0.00 ms.
Unloading 4049 Unused Serialized files (Serialized files now loaded: 0)
Unloading 36 unused Assets / (35.3 KB). Loaded Objects now: 4588.
Memory consumption went from 165.9 MB to 165.9 MB.
Total: 3.457400 ms (FindLiveObjects: 0.349500 ms CreateObjectMapping: 0.136600 ms MarkObjects: 2.899700 ms  DeleteObjects: 0.070600 ms)

Prepare: number of updated asset objects reloaded= 0
AssetImportParameters requested are different than current active one (requested -> active):
  custom:container-demuxer-ogg: 62fdf1f143b41e24485cea50d1cbac27 -> 
  custom:video-codec-MediaFoundation-h265: 746d11721c4dcdbdad8f713fa42b33f4 -> 
  custom:video-decoder-ogg-theora: a1e56fd34408186e4bbccfd4996cb3dc -> 
  custom:framework-win-MediaFoundation: 216162199b28c13a410421893ffa2e32 -> 
  custom:CustomObjectIndexerAttribute: 6d391050e5a25f67b0a2c618074f2cd9 -> 
  custom:container-demuxer-webm: 4f35f7cbe854078d1ac9338744f61a02 -> 
  custom:container-muxer-webm: aa71ff27fc2769a1b78a27578f13a17b -> 
  custom:video-decoder-webm-vp8: 9c59270c3fd7afecdb556c50c9e8de78 -> 
  custom:SearchIndexIgnoredProperties: e643bd26f0fe6173181afceb89e7c659 -> 
  custom:AudioImporter_EditorPlatform: d09bf68614088b80899f8185d706f6e7 -> 
  custom:video-encoder-webm-vp8: eb34c28f22e8b96e1ab97ce403110664 -> 
  custom:audio-decoder-ogg-vorbis: bf7c407c2cedff20999df2af8eb42d56 -> 
  custom:audio-encoder-webm-vorbis: bf7c407c2cedff20999df2af8eb42d56 -> 
